Traceback (most recent call last):
  File "socket_read_gyro.py", line 15, in <module>
    s.bind((HOST, PORT))                                            
OSError: [Errno 98] Address already in use
Connected by ('46.242.8.221', 5669)
Received  42.91 46.8 -4.1
Received  42.94 46.75 -4.02
Received  42.94 46.77 -4.03
Received  42.94 46.72 -4.03
Received  42.97 46.71 -4.05
Received  43.01 46.72 -4.03
Received  42.94 46.75 -4.18
Received  42.91 46.73 -4.18
Received  42.9 46.75 -4.11
Received  42.95 46.68 -4.11
Received  42.95 46.68 -4.1
Received  42.98 46.73 -4.11
Received  42.99 46.73 -4.14
Received  42.85 46.88 -4.04
Received  42.67 46.92 -4.09
Received  42.74 46.79 -4.1
Received  42.82 46.77 -4.06
Received  42.54 46.91 -4.01
Received  42.71 46.79 -4.1
Received  42.76 46.77 -4.08
Received  42.98 46.77 -4.1
Received  42.94 46.79 -4.05
Received  42.92 46.75 -4.05
Received  42.93 46.76 -4.17
Received  42.81 46.71 -4.14
Received  42.82 46.72 -4.18
Received  42.79 46.78 -4.16
Received  42.82 46.77 -4.17
Received  42.95 46.76 -4.2
Received  43.07 46.67 -4.13
Received  43.05 46.7 -4.01
Received  42.95 46.76 -4.1
Received  42.98 46.8 -4.11
Received  42.92 46.82 -4.07
Received  42.84 46.82 -4.11
Received  42.87 46.83 -4.14
Received  42.87 46.76 -4.13
Received  42.9 46.82 -4.15
Received  43.0 46.75 -4.16
Received  42.9 46.76 -4.28
Received  42.82 46.79 -4.27
Received  42.83 46.83 -4.22
Received  42.82 46.83 -4.07
Received  42.87 46.83 -4.09
Received  42.95 46.76 -4.08
Received  43.01 46.79 -4.06
Received  43.04 46.74 -4.02
Received  43.09 46.71 -4.04
Received  42.95 46.88 -4.01
Received  42.96 46.82 -4.02
Received  43.02 46.78 -4.06
Received  43.04 46.75 -4.07
Received  43.06 46.7 -4.06
Received  43.02 46.72 -4.11
Received  42.96 46.74 -4.04
Received  42.97 46.71 -4.09
Received  42.98 46.73 -4.13
Received  42.97 46.72 -4.04
Received  42.97 46.73 -4.11
Received  42.96 46.73 -4.17
Received  42.96 46.71 -4.09
Received  43.03 46.69 -4.12
Received  43.0 46.71 -4.15
Received  42.88 46.75 -4.28
Received  42.93 46.76 -4.17
Received  42.88 46.77 -4.17
Received  42.93 46.73 -4.14
Received  42.91 46.75 -4.1
Received  43.1 46.72 -4.13
Received  42.96 46.75 -4.1
Received  42.92 46.75 -4.18
Received  43.0 46.69 -4.22
Received  42.94 46.68 -4.21
Received  42.87 46.76 -4.15
Received  42.88 46.8 -4.26
Received  42.93 46.8 -4.2
Received  42.91 46.82 -4.26
Received  42.97 46.74 -4.2
Received  42.97 46.76 -4.14
Received  43.0 46.79 -4.16
Received  42.98 46.78 -4.18
Received  43.0 46.77 -4.15
Received  42.92 46.83 -4.13
Received  42.87 46.8 -4.15
Received  42.87 46.79 -4.04
Received  42.84 46.78 -4.22
Received  42.77 46.72 -4.14
Received  42.88 46.72 -4.01
Received  42.89 46.75 -3.98
Received  43.0 46.74 -4.03
Received  42.96 46.72 -4.09
Received  42.93 46.73 -4.11
Received  42.96 46.9 -4.24
Received  42.83 46.88 -4.17
Received  42.85 46.97 -4.1
Received  42.96 46.85 -4.1
Received  42.83 46.84 -4.14
Received  42.86 46.81 -4.17
Received  42.91 46.8 -4.17
Received  42.94 46.74 -4.21
Received  42.59 46.95 -4.16
Received  42.71 46.84 -4.17
Received  42.8 46.77 -4.18
Received  42.92 46.71 -4.18
Received  42.89 46.74 -4.14
Received  43.0 46.69 -4.11
Received  42.99 46.71 -4.08
Received  42.96 46.74 -4.14
Received  42.94 46.75 -4.13
Received  42.92 46.77 -4.22
Received  42.88 46.77 -4.15
Received  42.88 46.75 -4.17
Received  42.89 46.77 -4.15
Received  42.92 46.76 -4.12
Received  42.9 46.72 -4.08
Received  42.97 46.7 -4.11
Received  42.85 46.77 -4.1
Received  42.54 47.46 -4.2
Received  42.51 48.62 -5.03
Received  40.11 48.89 -5.29
Received  40.29 48.47 -4.56
Received  41.08 47.93 -4.47
Received  41.75 47.54 -4.45
Received  41.42 47.87 -4.4
Received  39.71 49.36 -4.31
Received  40.3 48.96 -4.21
Received  41.18 48.22 -4.18
Received  43.03 46.62 -4.27
Received  45.5 44.48 -4.26
Received  45.34 44.66 -4.18
Received  41.34 47.98 -4.31
Received  40.56 48.73 -4.27
Received  41.33 48.07 -4.17
Received  43.36 46.33 -4.15
Received  45.8 44.2 -4.25
Received  46.25 43.72 -4.27
Received  43.91 45.84 -4.34
Received  42.12 47.38 -4.39
Received  43.57 46.19 -4.31
Received  43.5 46.24 -4.37
Received  43.34 46.36 -4.39
Received  42.75 46.81 -4.4
Received  38.77 50.67 -4.46
Received  38.02 48.44 -6.2
Received  38.69 48.9 -4.64
Received  39.11 49.24 -3.5
Received  39.46 49.44 -2.71
Received  40.91 49.34 -2.63
Received  40.5 49.6 -2.19
Received  40.33 49.76 -1.84
Received  40.24 49.79 -1.68
Received  40.14 49.87 -1.55
Received  40.2 49.82 -1.44
Received  40.23 49.77 -1.41
Received  40.23 49.85 -1.22
Received  40.34 49.77 -1.26
Received  40.05 49.92 -1.29
Received  40.16 49.82 -1.34
Received  41.23 48.72 -1.4
Received  41.5 48.65 -1.5
Received  43.56 47.09 -1.42
Received  42.4 47.76 -1.62
Received  41.64 48.35 -1.58
Received  41.36 48.82 -1.64
Received  41.79 49.25 -1.64
Received  38.9 48.88 -2.69
Received  37.17 49.46 -0.09
Received  40.68 51.67 1.96
Received  40.53 51.13 0.99
Received  40.38 50.73 0.32
Received  40.14 50.46 -0.13
Received  40.13 50.27 -0.44
Received  39.48 51.05 -0.69
Received  38.84 51.67 -0.89
Received  39.27 51.01 -1.01
Received  40.05 49.64 -1.84
Received  41.17 49.1 -2.14
Received  40.72 49.37 -1.86
Received  40.49 49.49 -1.68
Received  40.35 49.62 -1.51
Received  40.28 49.73 -1.48
Received  40.25 49.74 -1.4
Received  40.24 49.77 -1.36
Received  40.24 49.77 -1.35
Received  40.22 49.77 -1.34
Received  40.24 49.82 -1.35
Received  40.21 49.82 -1.41
Received  40.17 49.81 -1.44
Received  40.19 49.77 -1.43
Received  40.05 49.87 -0.79
Received  39.82 49.93 -0.99
Received  39.97 49.86 -1.03
Received  40.04 49.85 -1.07
Received  40.12 49.82 -1.1
Received  40.14 49.83 -1.13
Received  40.15 49.82 -1.09
Received  40.15 49.81 -1.2
Received  40.22 49.74 -1.37
Received  40.12 49.93 -1.2
Received  40.4 49.76 -1.29
Received  40.5 49.82 -1.36
Received  40.31 49.81 -1.26
Received  40.27 49.83 -1.21
Received  40.29 49.78 -1.3
Received  40.27 49.81 -1.28
Received  40.2 49.8 -1.26
Received  40.23 49.75 -1.25
Received  40.18 49.78 -1.22
Received  40.17 49.78 -1.24
Received  40.24 49.71 -1.26
Received  40.19 49.75 -1.3
Received  40.19 49.78 -1.27
Received  40.17 49.78 -1.42
Received  40.09 49.7 -1.45
Received  40.1 49.7 -1.38
Received  40.15 49.75 -1.38
Received  40.14 49.79 -1.3
Received  40.07 49.85 -1.36
Received  40.06 49.81 -1.27
Received  40.14 49.78 -1.29
Received  40.17 49.76 -1.32
Received  40.13 49.78 -1.27
Received  40.05 49.78 -1.36
Received  40.13 49.81 -1.36
Received  40.18 49.76 -1.28
Received  40.26 49.72 -1.26
Received  40.19 49.75 -1.3
Received  40.16 49.78 -1.39
Received  40.2 49.78 -1.38
Received  40.31 49.74 -1.49
Received  40.05 49.82 -1.43
Received  39.98 49.81 -1.31
Received  40.14 49.75 -1.36
Received  40.04 49.79 -1.36
Received  40.06 49.79 -1.34
Received  40.08 49.82 -1.36
Received  40.04 49.86 -1.31
Received  40.08 49.72 -1.47
Received  40.06 49.76 -1.41
Received  40.07 49.71 -1.22
Received  40.13 49.82 -1.2
Received  40.13 49.78 -1.2
Received  40.19 49.8 -1.21
Received  40.23 49.9 -1.27
Received  40.25 49.89 -1.3
Received  40.27 49.82 -1.4
Received  40.16 49.81 -1.35
Received  40.19 49.83 -1.39
Received  40.22 49.78 -1.29
Received  40.1 49.93 -1.31
Received  40.12 49.89 -1.27
Received  40.12 49.92 -1.32
Received  40.08 49.87 -1.29
Received  40.1 49.86 -1.26
Received  40.14 49.86 -1.29
Received  40.12 49.9 -1.24
Received  40.21 49.84 -1.25
Received  40.23 49.82 -1.3
Received  40.16 49.79 -1.33
Received  40.05 49.93 -1.42
Received  39.99 49.84 -1.32
Received  39.54 50.19 -1.55
Received  41.21 49.4 -1.25
Received  42.12 48.6 -0.81
Received  41.17 49.04 -1.08
Received  40.88 49.37 -1.04
Received  40.54 49.74 -0.82
Received  40.53 49.49 -0.41
Received  41.82 49.38 -1.67
Received  40.96 49.56 -1.72
Received  40.67 49.53 -1.74
Received  40.55 49.57 -1.76
Received  40.71 49.43 -1.78
Received  40.68 49.4 -1.86
Received  40.65 49.37 -1.92
Received  40.67 49.34 -1.89
Received  40.61 49.37 -1.84
Received  40.54 49.34 -1.91
Received  40.52 49.4 -1.93
Received  40.57 49.38 -1.87
Received  40.67 49.27 -1.79
Received  41.0 49.1 -2.1
Received  42.05 51.34 0.02
Received  42.77 49.12 -1.57
Received  42.7 47.84 -2.91
Received  42.53 47.19 -3.63
Received  41.42 47.86 -3.88
Received  42.35 47.19 -4.2
Received  42.81 46.76 -4.42
Received  42.99 46.52 -4.6
Received  43.15 46.37 -4.67
Received  43.37 46.26 -4.71
Received  43.5 46.12 -4.79
Received  43.45 46.08 -4.87
Received  43.49 46.1 -4.95
Received  43.55 46.07 -4.94
Received  43.6 46.07 -4.95
Received  43.36 46.04 -4.87
Received  43.43 46.01 -4.89
Received  43.47 46.04 -4.9
Received  43.4 46.01 -4.87
Received  43.48 45.98 -4.84
Received  43.53 45.87 -4.94
Received  43.57 46.0 -4.94
Received  43.63 45.86 -4.93
Received  43.54 45.93 -5.02
Received  43.55 45.86 -5.09
Received  43.51 45.95 -4.87
Received  43.52 45.97 -4.89
Received  43.58 45.98 -4.9
Received  43.65 45.93 -4.82
Received  43.59 45.91 -4.88
Received  47.05 46.88 -4.08
Received  44.67 46.57 -5.14
Received  45.01 45.14 -5.15
Received  44.18 45.73 -5.41
Received  43.53 46.08 -5.55
Received  43.18 46.34 -5.59
Received  43.28 46.48 -5.63
Received  43.1 46.49 -5.84
Received  42.94 46.49 -5.72
Received  43.42 46.76 -6.07
Received  43.24 46.74 -5.67
Received  43.18 46.62 -5.53
Received  42.99 46.65 -5.41
Received  42.83 46.69 -5.43
Received  42.85 46.58 -5.51
Received  42.84 46.56 -5.56
Received  42.88 46.51 -5.66
Received  44.18 46.59 -1.9
Received  46.58 43.07 -6.87
Received  48.89 40.49 -7.22
Received  45.0 37.45 -5.46
Received  42.39 42.88 -4.49
Received  41.24 42.22 -3.53
Received  42.47 44.51 -2.31
Received  42.71 45.4 -3.29
Received  41.83 46.64 -3.7
Received  41.54 47.29 -3.49
Received  40.93 47.97 -3.7
Received  36.11 50.01 -1.22
Received  40.02 46.15 -4.41
Received  36.37 44.87 -6.62
Received  37.71 48.83 -4.32
Received  38.16 43.83 -9.76
Received  49.82 38.69 -11.67
Received  33.62 34.65 -3.71
Received  36.14 35.91 4.55
Received  41.05 43.91 3.22
Received  42.26 46.07 0.6
Received  43.45 47.58 -0.37
Received  41.9 47.77 -1.89
Received  38.7 47.8 -2.71
Received  38.61 48.07 -2.42
Received  38.92 48.81 -2.33
Received  39.09 49.32 -2.28
Received  39.19 49.68 -2.15
Received  39.21 49.86 -1.93
Received  39.52 50.08 -1.85
Received  39.59 50.11 -1.83
Received  39.61 49.76 -1.53
Received  39.49 49.91 -1.62
Received  39.62 49.99 -1.71
Received  39.81 50.06 -1.72
Received  39.75 49.85 -1.83
Received  39.69 49.88 -1.81
Received  40.2 49.92 -1.83
Received  40.03 49.87 -1.8
Received  40.0 49.88 -1.91
Received  40.09 49.86 -1.9
Received  40.06 49.87 -1.85
Received  40.03 49.95 -1.85
Received  40.07 49.93 -1.86
Received  40.11 49.92 -1.93
Received  40.33 50.14 -2.13
Received  40.27 50.04 -2.12
Received  40.09 50.1 -2.2
Received  40.3 50.12 -2.27
Received  40.16 50.09 -2.08
Received  39.99 50.09 -2.03
Received  40.04 50.08 -2.16
Received  40.04 50.22 -2.14
Received  39.79 50.16 -2.03
Received  39.82 50.12 -1.93
Received  39.89 50.13 -1.88
Received  39.81 50.17 -1.87
Received  39.91 50.06 -2.05
Received  39.94 50.01 -2.04
Received  39.89 50.07 -1.98
Received  39.83 49.96 -1.92
Received  39.79 50.06 -1.89
Received  39.81 50.02 -2.03
Received  39.57 50.05 -1.94
Received  36.74 49.76 -1.46
Received  39.3 49.08 1.57
Received  35.85 49.26 -1.9
Received  35.47 43.47 0.02
Received  36.7 45.45 -3.39
Received  37.31 45.77 -2.18
Received  36.01 46.77 -1.9
Received  37.56 47.97 -1.74
Received  38.49 48.48 -1.82
Received  39.12 48.91 -1.61
Received  34.14 48.71 -0.81
Received  35.91 49.07 -1.06
Received  37.28 49.33 -1.33
Received  37.85 46.64 3.41
Received  33.85 45.42 0.09
Received  31.47 43.79 2.16
Received  36.8 39.63 -4.53
Received  33.43 42.82 -0.57
Received  35.34 47.4 -2.29
Received  29.21 45.64 2.34
Received  30.51 48.53 1.0
Received  33.41 49.27 0.11
Received  35.3 49.73 -0.48
Received  36.61 49.94 -0.89
Received  37.66 50.19 -1.2
Received  26.54 60.1 -2.96
Received  27.86 56.9 7.16
Received  30.95 51.59 -0.78
Received  31.97 49.78 -4.83
Received  34.02 46.97 -2.85
Received  39.08 49.55 -7.35
Received  38.41 52.97 -5.24
Received  34.27 55.37 -4.17
Received  35.86 53.49 -3.1
Received  36.95 52.61 -2.63
Received  37.72 51.91 -2.37
Received  38.3 51.38 -2.18
Received  38.75 51.08 -1.98
Received  39.0 50.87 -1.88
Received  39.14 50.72 -1.9
Received  27.31 53.58 -0.66
Received  21.39 35.04 -26.07
Received  13.58 39.36 -15.06
Received  20.04 45.94 -2.65
Received  18.66 52.73 2.61
Received  27.35 66.27 21.94
Received  33.12 55.99 12.27
Received  35.25 53.47 5.44
Received  38.82 51.22 2.86
Received  42.07 48.49 1.17
Received  44.57 46.25 -0.84
Received  44.89 45.3 -2.45
Received  44.06 45.62 -2.66
Received  45.44 42.27 -1.51
Received  44.13 42.86 -3.27
Received  43.22 44.1 -4.36
Received  42.86 45.05 -4.98
Received  42.56 45.64 -4.98
Received  42.24 46.3 -4.85
Received  43.19 46.65 -5.48
Received  42.75 43.67 -2.75
Received  45.68 40.57 -2.07
Received  50.01 39.5 -4.69
Received  48.79 42.79 -5.27
Received  46.49 44.17 -5.6
Received  44.67 45.38 -5.99
Received  43.73 46.08 -6.16
Received  43.07 46.55 -6.32
Received  42.66 46.87 -6.44
Received  42.25 47.06 -6.53
Received  42.2 47.2 -6.6
Received  42.03 47.37 -6.62
Received  42.66 47.12 -6.8
Received  48.48 46.48 -8.79
Received  53.69 32.45 -9.09
Received  71.06 20.52 -7.57
Received  77.34 17.19 -6.86
Received  79.59 12.45 -9.69
Received  91.63 1.61 -10.46
Received  88.36 8.55 -8.54
Received  82.26 12.88 -7.26
Received  76.6 16.94 -2.78
Received  70.06 21.19 -2.83
Received  65.06 29.63 -1.04
Received  59.44 30.22 -10.22
Received  49.14 38.06 -8.43
Received  47.52 46.62 -2.71
Received  45.3 46.44 -3.54
Received  44.19 46.67 -4.62
Received  43.5 46.65 -5.28
Received  42.95 46.83 -5.77
Received  42.72 47.08 -6.3
Received  42.51 47.13 -6.49
Received  42.37 47.11 -6.55
Received  42.21 47.17 -6.63
Received  42.15 47.18 -6.66
Received  41.94 47.11 -6.64
Received  42.19 47.28 -6.9
Received  42.21 47.31 -6.85
Received  42.06 47.2 -6.98
Received  42.06 47.29 -6.88
Received  42.15 47.27 -6.88
Received  42.11 47.06 -6.97
Received  42.06 47.0 -6.93
Received  42.09 47.2 -7.15
Received  40.1 51.62 -3.95
Received  39.76 46.24 -6.33
Received  40.03 41.45 -4.55
Received  35.88 43.32 -10.96
Received  35.94 45.34 -4.36
Received  39.21 43.22 -11.68
Received  40.51 40.24 -11.25
Received  41.48 40.99 -8.64
Received  40.49 44.04 -7.54
Received  40.15 46.02 -6.91
Received  39.99 47.38 -6.35
Received  39.87 48.15 -5.97
Received  39.67 48.78 -5.77
Received  39.65 49.13 -5.72
Received  39.64 49.36 -5.64
Received  39.75 49.53 -5.51
Received  39.64 49.56 -5.42
Received  39.56 49.7 -5.2
Received  39.62 49.59 -5.18
Received  39.15 49.77 -5.13
Received  39.34 49.88 -5.16
Received  39.31 49.98 -5.12
Received  39.34 49.76 -5.07
Received  39.3 49.91 -4.74
Received  38.86 50.28 -4.82
Received  38.55 50.31 -4.99
Received  38.57 50.31 -4.63
Received  38.16 50.26 -4.13
Received  38.19 50.09 -4.87
Received  39.11 50.01 -5.09
Received  39.83 49.7 -5.87
Received  38.48 49.99 -4.75
Received  39.09 49.7 -5.26
Received  39.58 49.73 -5.12
Received  38.88 49.75 -5.21
Received  38.54 49.78 -5.16
Received  39.36 49.44 -4.37
Received  39.67 49.49 -5.47
Received  39.05 49.32 -5.4
Received  39.06 49.55 -5.43
Received  38.52 49.9 -5.34
Received  47.44 39.93 1.07
Received  33.84 37.14 -1.71
Received  33.91 40.78 -3.04
Received  40.72 36.25 -7.93
Received  32.37 42.55 -5.12
Received  33.29 42.65 -6.07
Received  29.59 48.75 -4.24
Received  30.47 50.54 -4.49
Received  33.66 50.45 -4.82
Received  35.27 50.58 -5.09
Received  36.5 50.49 -5.08
Received  32.26 55.93 -6.29
Received  30.44 58.03 -5.98
Received  33.49 55.26 -2.96
Received  32.37 50.84 -4.66
Received  35.2 45.05 -3.07
Received  36.28 45.94 -8.23
Received  41.11 43.42 -7.49
Received  39.13 46.46 -5.93
Received  39.01 47.89 -3.58
Received  40.93 46.53 -1.02
Received  40.88 40.93 -6.57
Received  44.97 43.65 -3.83
Received  45.47 46.57 -5.03
Received  44.08 42.58 -4.05
Received  42.73 43.1 0.12
Received  43.92 42.83 -2.83
Received  42.82 44.97 -3.66
Received  38.47 46.97 -6.56
Received  45.24 44.76 -4.78
Received  42.32 39.3 -7.02
Received  33.24 37.64 -4.57
Received  35.7 43.34 -7.41
Received  37.34 44.36 -5.9
Received  38.14 45.59 -8.47
Received  38.47 46.98 -7.29
Received  38.78 47.97 -6.6
Received  39.05 48.67 -6.13
Received  37.45 51.78 -4.26
Received  38.19 44.89 -3.75
Received  41.7 41.54 -1.1
Received  43.59 38.19 4.31
Received  53.17 38.4 -2.11
Received  48.11 35.48 -4.48
Received  49.49 31.78 -1.34
Received  45.81 37.21 -2.26
Received  43.32 40.93 -2.79
Received  56.67 36.68 0.08
Received  49.39 35.75 -8.27
Received  48.6 39.56 -8.69
Received  50.91 37.55 -12.34
Received  49.97 38.34 -12.34
Received  41.41 43.0 -4.73
Received  35.41 47.91 -5.08
Received  36.55 48.7 -4.94
Received  37.41 49.29 -5.09
Received  38.09 49.61 -5.18
Received  26.71 65.04 -3.86
Received  35.05 56.11 -4.42
Received  31.9 49.87 3.31
Received  26.45 46.11 -5.95
Received  35.89 41.69 -4.91
Received  35.27 42.68 -3.48
Received  37.33 38.38 -5.66
Received  42.02 38.42 -5.49
Received  41.22 42.31 -5.41
Received  40.58 44.94 -5.41
Received  40.2 46.72 -5.31
Received  39.83 47.88 -5.32
Received  54.38 38.16 -5.77
Received  51.7 42.8 -5.4
Received  46.26 38.44 3.26
Received  40.79 41.45 -5.47
Received  46.1 39.12 -4.37
Received  41.25 41.37 -6.14
Received  39.83 42.67 -0.16
Received  40.84 39.82 -1.01
Received  40.64 43.13 -2.79
Received  40.29 45.35 -3.76
Received  39.97 46.92 -4.48
Received  39.63 48.01 -4.93
Received  39.48 48.63 -5.37
Received  39.28 49.25 -5.57
Received  39.45 49.44 -5.64
Received  39.49 49.58 -5.66
Received  39.55 49.67 -5.76
Received  52.64 37.8 -6.58
Received  50.66 37.46 -2.47
Received  42.06 37.91 -2.14
Received  43.07 40.86 -6.92
Received  43.06 41.94 -2.96
Received  48.87 40.53 -10.83
Received  39.53 43.69 -6.17
Received  33.53 49.39 -6.4
Received  35.48 49.64 -6.37
Received  36.62 49.84 -6.1
Received  37.41 50.03 -6.06
Received  37.95 50.15 -6.01
Received  24.22 61.37 -2.62
Received  34.95 56.4 0.54
Received  40.19 46.31 -2.28
Received  39.43 48.66 -3.99
Received  37.61 39.88 -4.14
Received  36.54 41.44 -2.73
Received  32.88 44.42 1.87
Received  27.07 49.58 0.91
Received  31.28 49.69 -1.28
Received  33.86 49.89 -2.71
Received  35.58 50.05 -3.74
Received  36.6 50.19 -4.39
Received  37.38 50.34 -4.76
Received  21.81 62.99 -2.88
Received  21.29 51.23 -0.36
Received  29.93 43.37 1.51
Received  31.72 44.22 -5.92
Received  39.76 45.25 -8.86
Received  33.64 49.38 -6.62
Received  37.87 40.03 -12.58
Received  43.1 41.01 -11.28
Received  41.85 44.2 -9.36
Received  41.04 46.05 -7.89
Received  40.5 47.39 -7.05
Received  40.13 48.2 -6.46
Received  39.85 48.84 -6.11
Received  39.81 49.18 -6.0
Received  39.72 49.51 -5.85
Received  39.62 49.48 -5.78
Received  39.38 49.6 -5.55
Received  39.58 49.7 -5.35
Received  39.49 49.8 -5.39
Received  39.5 49.89 -5.36
Received  39.39 49.85 -5.27
Received  39.33 49.87 -5.22
Received  39.09 49.95 -5.2
Received  39.49 49.88 -5.01
Received  39.59 49.96 -5.06
Received  39.53 49.81 -5.21
Received  38.95 50.06 -5.05
Received  62.15 34.18 -3.34
Received  51.47 35.19 -9.87
Received  44.94 36.93 -5.0
Received  49.13 34.72 -13.22
Received  44.92 41.29 -7.09
Received  42.19 43.9 -6.05
Received  36.45 47.58 -1.54
Received  34.99 49.95 -2.87
Received  36.59 49.97 -3.84
Received  37.29 50.14 -4.45
Received  37.82 50.24 -4.85
Received  21.6 66.3 -2.19
Received  27.95 50.84 -2.66
Received  27.98 52.15 3.39
Received  27.95 50.41 -0.22
Received  28.67 50.06 1.29
Received  33.88 49.49 -2.81
Received  44.61 43.98 -1.22
Received  42.57 45.92 -2.47
Received  41.34 47.35 -3.53
Received  40.63 48.33 -4.06
Received  40.25 48.92 -4.66
Received  39.85 49.35 -4.97
Received  39.21 49.63 -5.25
Received  39.37 49.8 -5.38
Received  39.44 50.0 -5.56
Received  39.3 50.09 -5.49
Received  39.35 50.16 -5.38
Received  39.38 50.15 -5.42
Received  39.29 50.21 -5.45
Received  39.12 50.29 -5.3
Received  39.22 50.16 -5.47
Received  39.19 50.15 -5.55
Received  39.05 50.04 -5.63
Received  38.92 50.16 -5.48
Received  46.55 40.87 -2.79
Received  46.68 39.95 0.12
Received  39.99 43.71 -2.68
Received  40.41 41.37 -3.42
Received  39.87 41.56 -7.92
Received  36.45 42.72 -8.43
Received  38.61 45.37 -7.84
Received  37.49 47.29 -6.02
Received  35.3 49.01 -7.28
Received  23.89 57.15 -2.75
Received  22.65 61.54 -5.2
Received  29.64 57.06 -7.93
Received  32.72 55.14 -6.13
Received  34.89 53.27 -6.06
Received  36.41 52.05 -6.16
Received  37.58 51.29 -6.02
Received  35.46 51.37 -6.43
Received  36.24 50.67 -5.25
Received  38.33 51.28 -2.17
Received  37.17 46.79 -3.72
Received  34.62 50.04 -2.17
Received  35.67 48.19 -3.8
Received  34.89 48.21 -3.16
Received  35.85 49.16 -4.01
Received  35.32 50.14 -3.24
Received  38.81 46.71 -3.25
Received  41.74 41.06 -4.55
Received  33.97 41.86 -0.59
Received  30.96 40.3 -4.24
Received  34.69 43.88 -0.1
Received  39.96 42.83 -2.47
Received  38.23 46.78 -3.29
Received  40.49 45.89 -7.32
Received  42.87 44.87 -2.3
Received  40.81 41.72 -7.43
Received  37.07 42.31 -4.9
Received  34.3 43.54 -6.01
Received  38.1 43.1 -2.46
Received  40.23 45.56 -3.68
Received  39.53 47.11 -4.19
Received  39.59 48.17 -4.53
Received  39.45 48.88 -4.76
Received  34.54 49.29 -8.4
Received  32.39 47.45 -9.35
Received  36.56 49.02 -0.99
Received  35.59 41.37 -5.27
Received  36.69 44.45 -7.39
Received  33.53 45.82 -3.54
Received  35.82 45.89 -3.89
Received  36.18 47.67 -4.36
Received  37.2 48.53 -4.69
Received  37.92 49.08 -4.93
Received  38.32 49.42 -4.99
Received  38.86 49.59 -5.05
Received  38.83 49.87 -5.1
Received  39.04 49.91 -5.21
Received  39.21 49.87 -5.07
Received  39.39 49.92 -5.18
Received  40.74 49.25 -5.65
Received  42.0 49.42 0.53
Received  44.97 44.81 -5.29
Received  44.55 45.45 -6.51
Received  44.96 40.52 -5.69
Received  45.3 44.97 -2.43
Received  39.59 48.59 2.63
Received  33.83 52.92 1.03
Received  35.33 52.36 -1.04
Received  36.62 51.66 -2.52
Received  37.4 51.34 -3.35
Received  21.99 64.39 -3.67
Received  25.3 55.55 -5.37
Received  31.32 42.72 -1.3
Received  25.64 45.68 1.14
Received  37.59 42.6 3.34
Received  31.22 42.16 -4.56
Received  38.07 38.82 -2.45
Received  42.35 39.04 -3.4
Received  41.49 42.7 -3.99
Received  57.58 32.85 -5.47
Received  48.45 37.19 -4.94
Received  40.09 31.78 0.37
Received  34.17 38.94 -1.8
Received  41.64 37.36 -5.49
Received  39.46 42.63 -4.75
Received  31.08 37.75 -4.31
Received  37.21 36.61 -6.52
Received  37.71 40.99 -5.72
Received  38.28 44.3 -5.71
Received  38.54 46.4 -5.5
Received  38.72 47.74 -5.39
Received  38.89 48.55 -5.42
Received  51.8 38.17 -5.85
Received  42.62 42.48 -6.47
Received  38.0 40.88 3.11
Received  34.06 34.8 3.25
Received  28.59 35.37 2.92
Received  32.92 39.62 3.02
Received  34.48 36.34 1.53
Received  36.58 37.06 -0.98
Received  37.7 41.32 -2.57
Received  38.15 44.19 -3.46
Received  38.51 46.21 -4.14
Received  48.65 37.53 -5.01
Received  46.92 34.91 -7.06
Received  43.42 35.42 -2.35
Received  40.38 31.61 -10.98
Received  47.27 31.75 -10.27
Received  44.71 39.23 -11.55
Received  43.48 35.24 -11.06
Received  45.95 38.05 -9.73
Received  43.66 42.1 -8.57
Received  56.69 33.38 -1.8
Received  52.75 35.9 -8.98
Received  48.68 36.3 -12.11
Received  52.03 32.46 -13.72
Received  45.29 36.77 -7.15
Received  41.15 40.84 -2.45
Received  33.36 48.11 -4.12
Received  35.51 48.87 -4.67
Received  36.6 49.35 -5.08
Received  37.46 49.67 -5.39
Received  38.08 49.88 -5.51
Received  38.45 50.0 -5.65
Received  38.64 50.08 -5.75
Received  26.71 59.65 -7.67
Received  25.21 60.27 -5.55
Received  22.69 55.32 -5.77
Received  29.52 55.47 0.24
Received  33.66 49.23 -8.18
Received  36.11 47.5 -8.63
Received  38.68 45.26 -5.73
Received  37.65 46.69 -4.88
Received  37.24 48.1 -4.23
Received  38.27 44.23 -3.27
Received  37.52 40.83 -6.98
Received  37.19 44.05 -8.54
Received  47.64 40.96 -9.6
Received  44.61 41.27 -3.84
Received  33.42 45.19 -1.48
Received  30.29 49.19 -3.41
Received  32.99 49.6 -4.2
Received  23.92 59.17 -5.49
Received  32.39 56.84 1.97
Received  32.89 48.2 -1.74
Received  39.48 47.41 -8.76
Received  37.42 43.73 -3.81
Received  40.18 44.2 -5.24
Received  37.94 44.6 -1.45
Received  32.8 49.69 -3.33
Received  34.68 49.95 -3.78
Received  35.69 50.25 -4.31
Received  37.18 50.08 -4.71
Received  37.55 50.33 -5.0
Received  38.36 50.37 -5.01
Received  38.41 50.49 -5.16
Received  38.62 50.44 -5.23
Received  38.63 50.41 -4.9
Received  39.34 50.02 -5.43
Received  39.4 50.07 -5.56
Received  39.14 50.24 -5.72
Received  39.16 50.26 -5.69
Received  39.22 50.35 -5.54
Received  39.03 50.45 -5.66
Received  39.04 50.32 -5.67
Received  39.0 50.37 -5.64
Received  39.05 50.35 -5.57
Received  39.02 50.34 -5.59
Received  38.99 50.41 -5.62
Received  39.01 50.4 -5.61
Received  39.12 50.33 -5.42
Received  39.14 50.34 -5.37
Received  38.82 50.44 -5.58
Received  39.28 50.28 -5.81
Received  35.59 52.17 -5.78
Received  27.19 54.68 3.22
Received  29.8 48.66 -4.44
Received  32.07 48.37 -6.48
Received  34.25 41.13 -10.01
Received  46.39 46.24 -7.56
Received  41.91 50.04 -1.62
Received  35.86 51.76 -3.44
Received  37.16 50.96 -4.26
Received  37.69 50.82 -4.64
Received  38.06 50.77 -4.91
Received  38.27 50.69 -5.09
Received  38.5 50.63 -5.35
Received  38.69 50.53 -5.46
Received  38.84 50.52 -5.49
Received  38.79 50.64 -5.55
Received  38.77 50.63 -5.54
Received  38.91 50.61 -5.62
Received  38.88 50.64 -5.51
Received  38.92 50.54 -5.63
Received  38.93 50.38 -5.66
Received  38.79 50.42 -5.47
Received  38.67 50.49 -5.5
Received  38.77 50.43 -5.57
Received  38.83 50.5 -5.63
Received  38.86 50.48 -5.68
Received  38.78 50.54 -5.52
Received  38.84 50.5 -5.65
Received  38.68 50.59 -5.49
Received  38.9 50.47 -5.5
Received  39.06 50.55 -5.7
Received  39.16 50.76 -5.46
Received  38.53 50.93 -5.46
Received  38.12 50.97 -5.37
Received  38.7 50.69 -5.57
Received  38.85 50.44 -5.66
Received  38.89 50.37 -6.0
Received  38.78 50.52 -5.9
Received  38.81 50.53 -6.05
Received  39.78 50.13 -6.17
Received  38.16 50.15 -5.61
Received  38.9 50.16 -6.54
Received  31.91 55.69 -8.02
Received  30.36 57.31 -0.09
Received  26.56 49.09 -5.56
Received  31.21 49.64 -10.1
Received  34.68 38.5 -12.3
Received  41.47 43.67 -9.83
Received  35.38 49.8 -2.31
Received  30.7 54.0 -2.89
Received  33.27 53.03 -3.77
Received  35.18 52.18 -4.32
Received  36.44 51.61 -4.6
Received  37.31 51.21 -4.84
Received  37.85 50.94 -4.96
Received  26.68 62.53 -4.65
Received  25.65 54.23 -1.7
Received  22.39 56.73 2.58
Received  29.86 47.54 -0.02
Received  32.22 44.52 -2.69
Received  26.63 45.91 -3.37
Received  37.7 40.68 -0.83
Received  38.51 43.8 -2.37
Received  38.83 45.91 -3.45
Received  38.81 47.36 -4.07
Received  51.34 38.15 -4.18
Received  48.11 37.18 -9.16
Received  36.36 38.35 2.05
Received  40.4 39.54 -2.75
Received  31.69 43.54 6.25
Received  36.37 51.09 8.25
Received  37.09 44.28 12.2
Received  47.51 32.42 -5.11
Received  43.61 37.95 -3.91
Received  42.02 42.13 -4.58
Received  45.16 41.7 -4.4
Received  49.63 40.5 -5.65
Received  47.2 40.44 -3.96
Received  40.02 43.08 -6.57
Received  37.71 40.18 -2.38
Received  37.18 41.6 -4.79
Received  37.49 42.82 -3.74
Received  36.96 44.97 -2.43
Received  37.43 45.23 -5.51
Received  38.06 44.34 -5.5
Received  39.99 46.35 -1.91
Received  38.07 38.57 -6.93
Received  38.11 43.17 -6.4
Received  40.95 41.78 -8.1
Received  39.19 41.28 -6.22
Received  39.02 44.05 -5.86
Received  36.79 49.42 -5.38
Received  35.74 47.66 -4.61
Received  43.37 50.48 1.25
Received  36.14 50.17 -0.92
Received  40.41 53.06 0.04
Received  33.74 50.73 -1.3
Received  37.35 51.21 -0.13
Received  38.46 50.65 -2.06
Received  38.73 50.63 -3.21
Received  38.72 50.64 -3.85
Received  38.97 50.49 -4.37
Received  38.98 50.51 -4.68
Received  36.86 44.39 -3.91
Received  37.56 42.67 -5.07
Received  39.01 45.44 -1.92
Received  38.76 47.1 -1.66
Received  42.03 42.51 -3.74
Received  40.14 44.3 2.54
Received  39.26 46.11 0.29
Received  39.05 47.43 -1.5
Received  35.52 45.14 1.19
Received  34.72 44.88 -3.54
Received  37.52 45.64 -1.7
Received  37.77 46.95 -3.35
Received  29.92 47.3 -0.9
Received  31.19 45.86 -2.96
Received  32.07 46.33 -3.39
Received  34.23 47.8 -4.13
Received  35.62 48.87 -4.56
Received  36.71 49.42 -5.0
Received  37.33 49.85 -5.16
Received  37.84 50.16 -5.23
Received  38.82 49.37 -5.72
Received  36.19 51.86 -4.66
Received  38.48 41.31 -4.45
Received  35.71 44.76 -3.74
Received  32.14 42.14 -1.66
Received  32.79 47.2 0.94
Received  41.97 42.48 0.97
Received  41.28 41.67 -0.39
Received  40.62 44.62 -2.11
Received  56.53 33.21 -1.54
Received  50.91 31.51 -3.84
Received  45.72 37.52 -0.49
Received  54.87 31.77 -5.89
Received  50.36 37.91 0.18
Received  43.19 40.23 -3.13
Received  38.37 45.74 -1.35
Received  39.14 47.19 -3.11
Received  32.06 53.43 -5.07
Received  27.99 56.71 -4.19
Received  35.76 52.99 -3.86
Received  39.39 45.22 -8.27
Received  36.09 45.33 -7.27
Received  36.06 46.55 -10.62
Received  39.34 45.32 -7.2
Received  38.07 47.68 -5.02
Received  38.43 48.54 -5.2
Received  38.62 49.15 -5.31
Received  38.94 49.51 -5.31
Received  38.7 49.92 -5.35
Received  38.74 50.14 -5.38
Received  38.8 50.21 -5.42
Received  38.79 50.32 -5.42
Received  38.92 50.38 -5.5
Received  39.26 50.2 -5.8
Received  38.91 50.19 -5.61
Received  38.64 50.37 -5.59
Received  38.2 50.62 -5.72
Received  39.09 50.28 -5.64
Received  39.0 50.45 -5.38
Received  39.47 50.29 -5.35
Received  41.25 49.3 -7.3
Received  43.56 49.83 -8.57
Received  37.91 49.35 -5.79
Received  38.87 50.35 -6.44
Received  39.18 49.32 -5.87
Received  37.57 49.9 -6.45
Received  38.42 50.02 -6.31
Received  38.64 50.21 -6.23
Received  38.83 50.33 -6.27
Received  38.9 50.28 -6.23
Received  38.88 50.27 -6.05
Received  38.92 50.33 -6.08
Received  38.98 50.23 -6.05
Received  39.06 50.26 -5.77
Received  39.11 50.28 -5.91
Received  37.79 47.92 -7.15
Received  37.22 48.33 -6.44
Received  41.62 48.85 -5.64
Received  36.52 44.69 -2.41
Received  35.32 47.18 -0.16
Received  31.36 45.69 -1.31
Received  37.1 47.31 -2.51
Received  37.72 48.18 -3.78
Received  38.23 48.95 -4.32
Received  38.39 49.42 -4.76
Received  38.61 49.69 -4.87
Received  38.84 49.83 -5.09
Received  38.94 50.02 -5.3
Received  38.96 50.08 -5.35
Received  38.22 51.71 -6.42
Received  38.36 49.89 -7.33
Received  35.91 51.23 -0.49
Received  38.64 45.3 -6.91
Received  37.87 46.21 -5.24
Received  35.48 44.21 -9.3
Received  34.38 45.51 -3.85
Received  36.03 46.94 -4.64
Received  33.8 50.53 -6.74
Received  37.54 47.12 -5.58
Received  38.06 48.14 1.45
Received  32.93 39.63 -8.67
Received  31.9 45.21 -6.96
Received  34.26 44.45 -8.33
Received  34.23 47.61 -5.34
Received  36.08 48.22 -5.66
Received  28.57 51.78 -3.68
Received  35.46 47.68 -3.11
Received  31.87 47.18 -3.64
Received  28.72 44.89 -4.94
Received  29.08 48.79 -3.71
Received  34.16 46.08 -5.47
Received  38.59 48.29 -3.0
Received  39.72 48.54 -3.76
Received  39.67 49.02 -4.3
Received  39.61 49.35 -4.76
Received  39.54 49.47 -4.95
Received  39.49 49.59 -5.03
Received  39.43 49.7 -5.26
Received  39.32 49.8 -5.32
Received  39.49 49.81 -5.36
Received  39.6 49.73 -5.29
Received  39.94 49.76 -5.74
Received  39.73 49.86 -5.65
Received  39.94 49.95 -5.48
Received  39.96 50.17 -5.71
Received  39.2 50.31 -5.77
Received  39.51 50.38 -5.95
Received  39.25 50.09 -5.95
Received  39.65 50.06 -5.72
Received  38.3 49.78 -5.56
Received  39.63 49.94 -5.74
Received  39.33 50.08 -5.55
Received  39.34 50.08 -5.47
Received  39.24 50.1 -5.49
Received  39.28 50.12 -5.39
Received  39.29 50.13 -5.46
Received  39.32 50.12 -5.38
Received  39.37 50.09 -5.39
Received  39.37 50.08 -5.45
Received  39.34 50.09 -5.45
Received  39.25 50.12 -5.38
Received  39.26 50.12 -5.44
Received  35.61 49.39 -4.15
Received  34.04 51.57 -2.13
Received  37.18 47.06 -8.14
Received  35.78 49.93 -1.61
Received  39.2 43.45 -6.58
Received  39.27 45.86 -5.31
Received  33.94 47.53 -1.24
Received  35.39 48.37 -2.68
Received  36.51 49.04 -3.58
Received  37.49 49.43 -4.3
Received  34.24 50.59 -4.9
Received  33.76 49.38 -4.3
Received  41.85 46.88 0.05
Received  42.01 42.95 -1.85
Received  41.82 45.36 -3.5
Received  43.86 45.75 -5.24
Received  42.78 50.45 -0.81
Received  41.14 50.62 -2.31
Received  40.38 50.58 -3.42
Received  39.72 50.67 -4.01
Received  39.4 54.44 -5.96
Received  45.81 50.58 -3.03
Received  40.91 45.23 -1.59
Received  38.09 39.1 1.65
Received  37.39 43.79 -7.23
Received  42.45 44.89 -6.66
Received  40.09 45.86 -5.91
Received  39.52 47.51 -5.96
Received  39.38 48.49 -5.83
Received  39.37 49.01 -5.7
Received  39.21 49.5 -5.59
Received  39.25 49.73 -5.57
Received  39.15 49.95 -5.55
Received  39.27 50.01 -5.51
Received  39.12 50.02 -5.54
Received  38.64 49.93 -5.62
Received  38.95 50.04 -5.37
Received  38.77 50.15 -5.35
Received  38.81 50.24 -5.19
Received  38.93 50.16 -5.48
Received  38.83 50.18 -5.56
Received  38.96 50.21 -5.55
Received  39.29 49.92 -6.09
Received  42.68 46.6 -2.74
Received  33.86 44.73 -5.89
Received  35.56 45.39 -8.55
Received  31.53 44.36 -5.2
Received  37.29 44.56 -4.55
Received  37.91 46.99 -0.56
Received  34.1 51.65 -2.17
Received  35.26 51.58 -3.54
Received  22.24 59.97 -5.67
Received  26.26 56.29 -4.06
Received  29.72 54.34 -2.27
Received  33.39 52.66 -4.75
Received  34.8 52.26 -4.35
Received  35.93 51.96 -4.25
Received  36.64 51.79 -4.28
Received  37.19 51.57 -4.3
Received  37.48 51.53 -4.27
Received  37.76 51.5 -4.32
Received  37.92 51.46 -4.35
Received  37.76 51.47 -4.39
Received  38.23 51.57 -4.33
Received  38.06 51.25 -4.31
Received  38.24 51.16 -4.33
Received  38.49 51.29 -4.3
Received  38.63 51.42 -4.3
Received  38.5 51.92 -4.05
Received  39.36 52.14 -4.02
Received  39.09 51.83 -4.42
Received  38.82 51.67 -4.4
Received  38.59 51.61 -4.39
Received  38.56 51.56 -4.38
Received  38.47 51.53 -4.41
Received  38.4 51.49 -4.41
Received  38.35 51.48 -4.4
Received  38.3 51.45 -4.42
Received  38.27 51.42 -4.44
Received  38.33 51.4 -4.46
Received  38.29 51.41 -4.44
Received  38.31 51.43 -4.47
Received  38.31 51.43 -4.41
Received  38.28 51.41 -4.41
Received  38.26 51.42 -4.41
Received  38.25 51.43 -4.42
Received  38.25 51.43 -4.37
Received  38.12 51.49 -4.42
Received  38.21 51.47 -4.4
Received  38.22 51.45 -4.41
Received  38.27 51.42 -4.39
Received  38.24 51.41 -4.4
Received  38.25 51.4 -4.36
Received  38.23 51.35 -4.35
Received  38.19 51.39 -4.32
Received  38.21 51.38 -4.35
Received  38.24 51.37 -4.37
Received  38.2 51.38 -4.4
Received  38.21 51.39 -4.36
Received  38.21 51.41 -4.34
Received  38.26 51.36 -4.39
Received  38.27 51.39 -4.41
Received  38.22 51.42 -4.43
Received  38.26 51.39 -4.42
Received  38.26 51.4 -4.44
Received  38.33 51.4 -4.46
Received  38.28 51.4 -4.51
Received  38.25 51.4 -4.46
Received  38.28 51.37 -4.42
Received  38.28 51.36 -4.41
Received  38.27 51.37 -4.42
Received  38.27 51.38 -4.36
Received  38.2 51.41 -4.35
Received  38.23 51.39 -4.38
Received  38.23 51.39 -4.4
Received  38.19 51.4 -4.4
Received  38.19 51.42 -4.4
Received  38.21 51.43 -4.41
Received  38.23 51.43 -4.38
Received  38.21 51.41 -4.35
Received  38.15 51.44 -4.4
Received  38.2 51.41 -4.37
Received  38.19 51.43 -4.4
Received  38.26 51.44 -4.42
Received  38.22 51.45 -4.48
Received  38.24 51.42 -4.45
Received  38.29 51.4 -4.42
Received  38.27 51.4 -4.41
Received  38.24 51.44 -4.38
Received  38.27 51.42 -4.36
Received  38.24 51.44 -4.37
Received  38.24 51.43 -4.39
Received  38.31 51.4 -4.41
Received  38.31 51.4 -4.37
Received  38.23 51.36 -4.35
Received  38.21 51.39 -4.35
Received  38.22 51.38 -4.35
Received  38.24 51.38 -4.33
Received  38.24 51.41 -4.26
Received  38.24 51.39 -4.33
Received  38.21 51.37 -4.34
Received  38.23 51.38 -4.37
Received  38.27 51.36 -4.37
Received  38.21 51.43 -4.38
Received  38.25 51.41 -4.41
Received  38.28 51.39 -4.37
Received  38.32 51.39 -4.36
Received  38.31 51.4 -4.34
Received  38.2 51.37 -4.42
Received  38.23 51.37 -4.44
Received  38.2 51.38 -4.44
Received  38.37 51.32 -4.43
Received  38.33 51.36 -4.42
Received  38.32 51.34 -4.4
Received  38.24 51.32 -4.41
Received  38.21 51.35 -4.4
Received  38.21 51.39 -4.4
Received  38.23 51.38 -4.37
Received  38.23 51.42 -4.35
Received  38.15 51.39 -4.43
Received  38.18 51.39 -4.46
Received  38.23 51.39 -4.38
Received  38.23 51.41 -4.41
Received  38.23 51.4 -4.4
Received  38.22 51.37 -4.44
Received  38.25 51.35 -4.42
Received  38.25 51.36 -4.41
Received  38.26 51.36 -4.4
Received  38.23 51.38 -4.38
Received  38.19 51.35 -4.36
Received  38.22 51.36 -4.33
Received  38.23 51.37 -4.34
Received  38.26 51.34 -4.33
Received  38.27 51.36 -4.34
Received  38.32 51.39 -4.34
Received  38.2 51.44 -4.39
Received  38.26 51.45 -4.29
Received  38.21 51.45 -4.29
Received  38.26 51.44 -4.41
Received  38.25 51.39 -4.39
Received  38.21 51.4 -4.41
Received  38.21 51.37 -4.44
Received  38.24 51.37 -4.47
Received  38.2 51.4 -4.46
Received  38.25 51.38 -4.42
Received  38.2 51.42 -4.46
Received  38.25 51.38 -4.47
Received  38.26 51.38 -4.42
Received  38.34 51.38 -4.43
Received  38.3 51.4 -4.45
Received  38.32 51.38 -4.4
Received  38.31 51.39 -4.34
Received  38.31 51.39 -4.36
Received  38.3 51.39 -4.36
Received  38.28 51.4 -4.36
Received  38.26 51.43 -4.4
Received  38.23 51.45 -4.33
Received  38.3 51.43 -4.36
Received  38.22 51.44 -4.35
Received  38.2 51.43 -4.39
Received  38.22 51.4 -4.39
Received  38.24 51.4 -4.38
Received  38.24 51.38 -4.35
Received  38.16 51.39 -4.33
Received  38.14 51.42 -4.39
Received  38.15 51.44 -4.41
Received  38.16 51.42 -4.41
Received  38.2 51.41 -4.35
Received  38.18 51.41 -4.29
Received  38.2 51.41 -4.39
Received  38.24 51.41 -4.35
Received  38.24 51.41 -4.32
Received  38.22 51.42 -4.33
Received  38.21 51.41 -4.41
Received  38.23 51.43 -4.39
Received  38.23 51.43 -4.39
Received  38.27 51.4 -4.39
Received  38.26 51.39 -4.38
Received  38.26 51.43 -4.35
Received  38.27 51.45 -4.37
Received  38.22 51.41 -4.39
Received  38.25 51.4 -4.39
Received  38.18 51.43 -4.31
Received  38.22 51.4 -4.36
Received  39.54 51.06 -4.16
Received  37.35 45.06 -6.28
Received  47.87 41.82 -2.1
Received  64.59 35.84 -8.17
Received  71.68 29.64 -7.93
Received  84.9 26.35 -3.57
Received  85.24 19.26 -4.93
Received  80.99 21.9 -3.85
Received  76.15 24.62 -3.8
Received  63.74 33.98 -5.4
Received  48.24 47.15 -4.4
Received  36.65 50.42 -0.42
Received  39.2 57.76 -0.65
Received  43.7 45.54 -2.68
Received  49.31 36.65 -5.81
Received  47.99 32.76 -5.5
Received  45.87 36.86 -1.04
Received  42.62 38.4 1.8
Received  41.48 38.41 5.65
Received  43.38 41.09 7.3
Received  43.86 43.26 6.23
Received  44.11 43.7 6.76
Received  48.12 46.14 6.98
Received  56.61 49.62 6.25
Received  46.0 41.59 -0.21
Received  45.35 42.29 2.73
Received  43.77 39.94 3.88
Received  45.62 40.33 4.69
Received  44.71 39.16 2.41
Received  45.6 40.17 3.3
Received  41.02 39.9 4.08
Received  42.89 40.89 5.9
Received  38.81 41.68 8.01
Received  36.04 43.99 9.56
Received  37.8 47.86 11.97
Received  38.4 47.82 13.05
Received  39.24 47.68 12.93
Received  39.34 47.39 13.17
Received  39.68 47.21 13.3
Received  40.06 47.13 13.37
Received  36.87 47.62 17.58
Received  42.38 44.14 18.02
Received  43.71 42.07 17.14
Received  45.36 40.85 16.14
Received  46.53 40.93 16.28
Received  51.03 44.43 11.54
Received  51.71 45.9 6.63
Received  47.5 48.93 2.08
Received  44.96 48.8 1.43
Received  44.97 50.55 -1.45
Received  44.84 50.04 -2.17
Received  44.64 50.39 -0.79
Received  42.71 48.39 -4.99
Received  42.15 48.73 -4.05
Received  42.5 48.02 -5.55
Received  41.8 48.03 -5.11
Received  41.56 47.93 -6.43
Received  41.32 47.94 -6.59
Received  41.18 48.1 -6.76
Received  41.11 48.11 -6.83
Received  40.99 48.12 -6.92
Received  41.02 48.18 -7.0
Received  41.04 48.15 -7.14
Received  41.04 48.11 -7.11
Received  41.04 48.12 -7.16
Received  40.98 48.16 -7.07
Received  40.9 48.24 -7.0
Received  40.83 48.3 -7.03
Received  40.94 48.15 -7.05
Received  40.94 48.18 -7.11
Received  40.88 48.17 -7.14
Received  41.16 48.11 -7.26
Received  40.81 48.18 -7.26
Received  41.15 48.05 -7.36
Received  41.07 48.25 -7.38
Received  40.92 48.09 -7.14
Received  40.78 47.72 -7.01
Received  40.81 47.89 -6.96
Received  41.16 47.44 -6.58
Received  41.16 47.64 -6.69
Received  41.12 47.78 -6.79
Received  41.16 47.86 -6.83
Received  41.13 47.95 -6.85
Received  41.08 48.02 -6.88
Received  41.1 48.03 -6.94
Received  41.09 48.04 -6.98
Received  41.14 48.02 -6.97
Received  41.03 48.03 -6.89
Received  41.07 48.02 -6.94
Received  41.05 48.02 -6.96
Received  41.1 48.01 -6.96
Received  41.12 47.99 -6.99
Received  41.04 48.01 -7.01
Received  41.07 48.07 -7.07
Received  41.11 48.03 -7.01
Received  41.1 48.04 -6.98
Received  41.05 48.02 -6.95
Received  41.12 48.04 -6.96
Received  41.1 48.03 -6.98
Received  41.09 48.02 -6.98
Received  41.08 48.01 -7.01
Received  41.08 48.05 -6.96
Received  41.04 48.08 -6.91
Received  41.08 48.05 -6.94
Received  41.05 48.08 -6.98
Received  41.08 48.03 -6.95
Received  41.12 48.02 -6.99
Received  41.12 48.0 -7.02
Received  41.19 47.99 -6.99
Received  41.24 47.96 -6.98
Received  41.18 47.97 -6.94
Received  41.15 48.01 -7.0
Received  41.09 48.04 -7.01
Received  41.13 48.03 -7.0
Received  41.16 48.01 -6.99
Received  41.12 48.01 -7.01
Received  41.03 48.04 -7.04
Received  40.94 48.07 -6.95
Received  41.06 48.07 -6.97
Received  41.01 48.03 -6.99
Received  41.03 48.03 -7.0
Received  41.22 48.03 -6.99
Received  41.26 48.12 -6.95
Received  41.15 48.07 -6.95
Received  40.94 48.07 -7.08
Received  41.04 48.0