Traceback (most recent call last):
  File "/nexus/code/socket_read_batteries.py", line 21, in <module>
    s.bind((HOST, PORT))                                            
OSError: [Errno 98] Address already in use
Listening for incomming MPEG-TS Stream on http://127.0.0.1:8081/<secret>
Awaiting WebSocket connections on ws://127.0.0.1:8082/
Traceback (most recent call last):
  File "/nexus/code/socket_read_batteries.py", line 21, in <module>
    s.bind((HOST, PORT))                                            
OSError: [Errno 98] Address already in use
Listening for incomming MPEG-TS Stream on http://127.0.0.1:8081/<secret>
Awaiting WebSocket connections on ws://127.0.0.1:8082/
Connected by ('46.242.8.221', 18002)
Received  38.5 51.55 0.23
Received  38.66 51.48 0.2
Received  38.79 51.38 0.19
Received  38.83 51.34 0.19
Received  38.89 51.33 0.17
Received  38.89 51.32 0.16
Received  38.95 51.27 0.16
Received  38.96 51.28 0.16
Received  38.97 51.24 0.18
Received  38.98 51.25 0.15
Received  38.97 51.26 0.09
Received  38.99 51.25 0.12
Received  38.98 51.25 0.14
Received  38.93 51.28 0.16
Received  38.92 51.25 0.2
Received  38.99 51.27 0.21
Received  38.96 51.28 0.21
Received  38.98 51.29 0.24
Received  38.97 51.28 0.26
Received  38.98 51.27 0.21
Received  38.98 51.26 0.23
Received  39.02 51.25 0.22
Received  38.98 51.27 0.17
Received  38.97 51.27 0.15
Received  38.95 51.3 0.19
Received  38.97 51.3 0.2
Received  38.94 51.28 0.18
Received  38.98 51.26 0.18
Received  38.88 51.36 0.22
Received  39.0 51.27 0.21
Received  38.88 51.29 0.28
Received  38.87 51.33 0.28
Received  38.99 51.27 0.26
Received  38.83 51.32 0.27
Received  38.95 51.31 0.19
Received  38.92 51.28 0.2
Received  38.91 51.3 0.2
Received  38.93 51.34 0.18
Received  38.95 51.26 0.18
Received  38.95 51.26 0.16
Received  38.97 51.25 0.16
Received  38.93 51.26 0.17
Received  38.88 51.3 0.18
Received  38.92 51.27 0.2
Received  38.94 51.27 0.21
Received  38.94 51.26 0.21
Received  38.96 51.25 0.2
Received  38.97 51.25 0.22
Received  38.95 51.27 0.21
Received  38.96 51.27 0.18
Received  38.95 51.27 0.14
Received  38.96 51.29 0.17
Received  38.99 51.21 0.17
Received  39.0 51.24 0.2
Received  38.96 51.26 0.18
Received  38.99 51.27 0.19
Received  39.03 51.25 0.18
Received  39.0 51.25 0.2
Received  39.01 51.26 0.21
Received  38.89 51.29 0.21
Received  38.86 51.27 0.17
Received  38.96 51.23 0.22
Received  38.99 51.23 0.24
Received  39.02 51.23 0.23
Received  39.01 51.22 0.25
Received  39.01 51.23 0.23
Received  38.94 51.24 0.19
Received  38.87 51.26 0.23
Received  38.94 51.26 0.21
Received  38.97 51.29 0.22
Received  38.98 51.28 0.23
Received  38.95 51.31 0.2
Received  38.95 51.36 0.21
Received  38.98 51.34 0.23
Received  38.93 51.31 0.25
Received  39.03 51.29 0.19
Received  39.05 51.29 0.25
Received  39.03 51.25 0.26
Received  39.02 51.25 0.24
Received  39.04 51.21 0.24
Received  39.02 51.23 0.28
Received  39.02 51.24 0.28
Received  39.01 51.25 0.26
Received  38.94 51.3 0.25
Received  38.96 51.26 0.26
Received  38.96 51.27 0.29
Received  38.96 51.28 0.24
Received  38.9 51.22 0.23
Received  39.08 51.25 0.29
Received  38.89 51.3 0.28
Received  38.94 51.33 0.32
Received  39.0 51.38 0.27
Received  39.03 51.31 0.28
Received  38.97 51.36 0.21
Received  38.97 51.34 0.24
Received  38.9 51.36 0.26
Received  38.9 51.32 0.26
Received  38.94 51.28 0.23
Received  38.85 51.28 0.22
Received  38.95 51.25 0.22
Received  39.04 51.28 0.12
Received  38.99 51.25 0.22
Received  39.01 51.23 0.25
Received  38.84 51.36 0.29
Received  38.9 51.31 0.31
Received  39.17 51.08 0.3
Received  39.15 51.08 0.27
Received  39.16 51.18 0.23
Received  39.21 51.14 0.2
Received  38.84 51.31 0.31
Received  39.14 51.19 0.29
Received  39.13 51.2 0.24
Received  39.08 51.21 0.25
Received  39.08 51.25 0.24
Received  39.06 51.24 0.26
Received  38.89 51.31 0.26
Received  39.12 51.23 0.33
Received  38.95 51.3 0.26
Received  39.06 51.25 0.25
Received  39.05 51.26 0.17
Received  38.91 51.17 0.17
Received  38.87 51.27 0.21
Received  38.95 51.31 0.22
Received  38.93 51.29 0.23
Received  38.92 51.28 0.21
Received  38.98 51.28 0.21
Received  38.96 51.3 0.25
Received  38.88 51.25 0.29
Received  38.82 51.38 0.34
Received  38.94 51.35 0.33
Received  39.19 51.25 0.33
Received  39.03 51.25 0.3
Received  38.93 51.32 0.3
Received  39.02 51.17 0.31
Received  38.92 51.25 0.3
Received  38.93 51.29 0.33
Received  38.94 51.28 0.34
Received  38.89 51.29 0.3
Received  38.99 51.28 0.33
Received  39.0 51.24 0.32
Received  38.99 51.26 0.29
Received  38.95 51.27 0.3
Received  38.97 51.26 0.22
Received  39.0 51.29 0.26
Received  38.96 51.33 0.26
Received  39.01 51.3 0.25
Received  38.98 51.34 0.25
Received  39.05 51.29 0.27
Received  39.12 51.22 0.29
Received  39.1 51.17 0.31
Received  39.12 51.2 0.29
Received  39.03 51.21 0.3
Received  39.09 51.21 0.24
Received  39.11 51.21 0.25
Received  39.11 51.19 0.23
Received  39.09 51.2 0.28
Received  50.24 42.87 -1.32
Received  54.49 39.59 -1.15
Received  49.39 43.41 -0.78
Received  46.18 45.87 -0.61
Received  43.92 47.5 -0.43
Received  42.53 48.6 -0.26
Received  41.51 49.32 -0.18
Received  40.9 49.74 -0.15
Received  40.43 50.11 -0.17
Received  40.21 50.34 -0.15
Received  39.98 50.44 -0.16
Received  39.87 50.5 -0.13
Received  39.78 50.57 -0.13
Received  39.78 50.59 -0.14
Received  39.61 50.67 -0.09
Received  39.71 50.57 -0.09
Received  39.66 50.61 -0.07
Received  39.58 50.69 -0.1
Received  39.58 50.69 -0.14
Received  39.58 50.71 -0.14
Received  39.63 50.72 -0.08
Received  39.61 50.73 -0.07
Received  39.6 50.74 -0.09
Received  39.57 50.72 -0.1
Received  39.64 50.75 -0.07
Received  39.66 50.7 -0.14
Received  39.67 50.67 -0.17
Received  39.66 50.66 -0.21
Received  39.66 50.69 -0.22
Received  39.6 50.68 -0.22
Received  39.64 50.61 -0.18
Received  39.73 50.6 -0.11
Received  39.7 50.63 -0.12
Received  39.68 50.61 -0.11
Received  39.56 50.67 -0.13
Received  39.62 50.68 -0.17
Received  39.68 50.67 -0.13
Received  39.71 50.64 -0.09
Received  39.52 50.72 -0.04
Received  39.58 50.67 -0.07
Received  39.56 50.68 -0.04
Received  39.57 50.66 -0.06
Received  39.63 50.61 -0.1
Received  39.57 50.7 -0.12
Received  39.56 50.75 -0.02
Received  39.6 50.7 -0.06
Received  39.59 50.68 -0.04
Received  39.56 50.67 -0.07
Received  39.66 50.72 -0.08
Received  39.86 50.61 -0.02
Received  39.59 50.69 -0.05
Received  39.65 50.64 -0.11
Received  39.62 50.67 -0.11
Received  39.67 50.61 -0.12
Received  39.65 50.62 -0.07
Received  39.61 50.63 -0.14
Received  39.59 50.64 -0.11
Received  39.57 50.66 -0.09
Received  39.57 50.64 -0.09
Received  39.52 50.71 -0.08
Received  39.58 50.68 -0.15
Received  39.53 50.72 -0.14
Received  39.62 50.67 -0.17
Received  39.62 50.6 -0.18
Received  39.54 50.68 -0.12
Received  39.57 50.69 -0.15
Received  39.62 50.61 -0.18
Received  39.67 50.61 -0.12
Received  39.63 50.64 -0.15
Received  39.71 50.58 -0.15
Received  39.7 50.62 -0.15
Received  39.51 50.68 -0.12
Received  39.45 50.71 -0.13
Received  39.57 50.66 -0.22
Received  39.61 50.67 -0.17
Received  39.53 50.71 -0.16
Received  39.49 50.73 -0.16
Received  39.49 50.77 -0.11
Received  39.58 50.69 -0.18
Received  39.49 50.74 -0.16
Received  39.58 50.64 -0.13
Received  39.69 50.66 -0.07
Received  39.61 50.69 -0.15
Received  39.59 50.68 -0.1
Received  39.71 50.61 -0.17
Received  39.62 50.65 -0.12
Received  39.68 50.63 -0.09
Received  39.67 50.64 -0.03
Received  39.64 50.65 -0.13
Received  39.6 50.64 -0.1
Received  39.69 50.64 -0.04
Received  39.72 50.57 -0.11
Received  39.74 50.63 -0.12
Received  39.64 50.66 -0.1
Received  39.68 50.65 -0.13
Received  39.61 50.63 -0.14
Received  39.65 50.62 -0.09
Received  39.61 50.65 -0.1
Received  39.62 50.61 -0.05
Received  39.66 50.6 -0.11
Received  39.67 50.63 -0.18
Received  39.61 50.65 -0.14
Received  39.52 50.72 -0.14
Received  39.56 50.72 -0.11
Received  39.55 50.72 -0.09
Received  39.59 50.67 -0.09
Received  39.58 50.63 -0.13
Received  39.58 50.66 -0.13
Received  39.55 50.7 -0.14
Received  39.62 50.69 -0.12
Received  39.57 50.73 -0.18
Received  39.56 50.73 -0.13
Received  39.64 50.66 -0.14
Received  39.55 50.69 -0.12
Received  39.43 50.76 -0.19
Received  39.51 50.71 -0.15
Received  39.51 50.74 -0.11
Received  39.56 50.71 -0.12
Received  39.64 50.63 -0.12
Received  39.61 50.64 -0.09
Received  39.6 50.64 -0.02
Received  39.6 50.64 -0.03
Received  39.61 50.66 -0.09
Received  39.62 50.68 -0.08
Received  39.57 50.71 -0.08
Received  39.56 50.74 -0.09
Received  39.53 50.7 -0.11
Received  39.51 50.75 -0.06
Received  39.44 50.79 -0.1
Received  39.47 50.77 -0.11
Received  39.56 50.68 -0.1
Received  39.52 50.67 -0.08
Received  38.75 51.53 0.09
Received  38.24 52.01 0.17
Received  38.51 51.59 0.1
Received  38.93 51.28 0.03
Received  39.12 51.17 -0.03
Received  39.27 50.97 -0.06
Received  39.31 50.89 -0.11
Received  39.35 50.83 -0.12
Received  39.52 50.79 -0.11
Received  39.5 50.79 -0.08
Received  39.49 50.79 -0.11
Received  39.46 50.77 -0.1
Received  39.47 50.79 -0.07
Received  39.55 50.73 -0.05
Received  39.55 50.74 -0.08
Received  39.56 50.75 -0.04
Received  39.57 50.73 -0.05
Received  39.48 50.78 -0.09
Received  39.55 50.73 -0.02
Received  39.64 50.67 -0.07
Received  39.61 50.68 -0.1
Received  39.59 50.71 -0.08
Received  39.59 50.7 -0.03
Received  39.57 50.7 -0.01
Received  39.57 50.69 -0.08
Received  39.59 50.67 -0.05
Received  39.59 50.68 -0.09
Received  39.61 50.67 -0.12
Received  39.58 50.72 -0.09
Received  39.53 50.75 -0.08
Received  39.51 50.78 -0.09
Received  39.64 50.7 -0.09
Received  39.54 50.77 -0.07
Received  39.52 50.78 -0.03
Received  39.59 50.75 -0.08
Received  39.64 50.7 -0.08
Received  39.58 50.69 -0.01
Received  39.55 50.71 -0.03
Received  39.56 50.73 -0.04
Received  39.51 50.74 -0.05
Received  39.57 50.71 -0.1
Received  39.58 50.73 -0.03
Received  39.62 50.7 -0.05
Received  39.63 50.7 -0.06
Received  39.63 50.71 -0.1
Received  39.49 50.8 -0.08
Received  39.54 50.74 -0.12
Received  39.55 50.72 -0.17
Received  39.57 50.71 -0.12
Received  39.47 50.8 -0.1
Received  39.5 50.7 -0.09
Received  39.44 50.72 -0.11
Received  39.47 50.75 -0.14
Received  39.43 50.72 -0.11
Received  39.39 50.75 -0.07
Received  39.42 50.81 -0.11
Received  39.47 50.83 -0.09
Received  39.4 50.87 0.02
Received  39.54 50.76 -0.02
Received  39.53 50.76 -0.05
Received  39.48 50.76 -0.12
Received  39.39 50.81 -0.1
Received  39.49 50.77 -0.17
Received  39.63 50.67 -0.18
Received  39.5 50.71 -0.15
Received  39.49 50.7 -0.11
Received  39.5 50.77 -0.04
Received  39.52 50.77 -0.05
Received  39.53 50.71 -0.08
Received  39.47 50.63 -0.01
Received  39.53 50.54 -0.02
Received  39.56 50.6 -0.06
Received  39.58 50.65 -0.06
Received  39.61 50.65 -0.06
Received  39.58 50.69 -0.07
Received  39.56 50.71 -0.08
Received  39.62 50.69 -0.03
Received  39.69 50.64 -0.08
Received  39.67 50.63 -0.11
Received  39.61 50.65 -0.12
Received  39.57 50.71 -0.24
Received  39.56 50.64 -0.09
Received  39.55 50.66 -0.05
Received  39.52 50.7 -0.03
Received  39.56 50.67 -0.09
Received  39.57 50.71 -0.12
Received  39.55 50.67 -0.08
Received  39.54 50.68 -0.07
Received  39.55 50.63 -0.03
Received  39.53 50.63 -0.07
Received  39.57 50.6 -0.12
Received  39.62 50.61 -0.15
Received  39.51 50.67 -0.14
Received  39.54 50.63 -0.06
Received  39.59 50.64 -0.04
Received  39.58 50.64 -0.1
Received  39.57 50.61 -0.11
Received  39.57 50.57 -0.11
Received  39.49 50.59 -0.05
Received  39.43 50.67 -0.07
Received  39.49 50.69 -0.06
Received  39.39 50.68 -0.04
Received  39.52 50.69 -0.06
Received  39.6 50.73 -0.11
Received  39.63 50.74 -0.13
Received  39.63 50.71 -0.1
Received  39.56 50.76 -0.13
Received  39.52 50.75 -0.1
Received  39.66 50.73 -0.06
Received  39.63 50.8 -0.05
Received  39.63 50.77 -0.03
Received  39.51 50.78 -0.07
Received  39.48 50.82 -0.02
Received  39.55 50.76 -0.04
Received  39.55 50.73 -0.02
Received  39.69 50.73 -0.02
Received  39.75 50.67 -0.11
Received  39.66 50.71 -0.1
Received  39.64 50.7 -0.11
Received  39.59 50.67 -0.12
Received  39.58 50.68 -0.08
Received  39.6 50.69 -0.08
Received  39.67 50.66 -0.08
Received  39.57 50.67 -0.11
Received  39.6 50.67 -0.09
Received  39.66 50.67 -0.15
Received  39.59 50.71 -0.08
Received  39.5 50.76 -0.08
Received  39.51 50.74 -0.09
Received  39.54 50.71 -0.06
Received  39.53 50.62 -0.08
Received  39.61 50.66 -0.11
Received  39.65 50.72 -0.09
Received  39.6 50.65 -0.07
Received  39.66 50.62 0.04
Received  39.7 50.61 -0.0
Received  39.59 50.67 -0.02
Received  39.63 50.65 -0.03
Received  39.66 50.63 0.03
Received  39.67 50.59 -0.05
Received  39.54 50.55 -0.02
Received  39.61 50.59 -0.02
Received  39.58 50.63 -0.07
Received  39.56 50.66 -0.16
Received  39.58 50.65 -0.13
Received  39.61 50.7 -0.1
Received  39.53 50.71 -0.05
Received  39.58 50.69 -0.06
Received  39.58 50.69 -0.05
Received  39.5 50.77 -0.05
Received  39.48 50.78 -0.05
Received  39.6 50.76 -0.1
Received  39.52 50.79 -0.05
Received  39.6 50.74 -0.09
Received  39.62 50.69 -0.06
Received  39.56 50.75 -0.1
Received  39.57 50.71 -0.17
Received  39.52 50.75 -0.06
Received  39.59 50.78 -0.01
Received  39.53 50.77 -0.03
Received  39.53 50.78 -0.08
Received  39.62 50.71 -0.08
Received  39.56 50.67 -0.15
Received  39.57 50.68 -0.12
Received  39.48 50.68 -0.12
Received  39.58 50.67 -0.08
Received  39.58 50.58 -0.04
Received  39.57 50.67 -0.12
Received  39.49 50.65 -0.12
Received  39.45 50.68 -0.12
Received  39.55 50.61 -0.02
Received  39.49 50.67 -0.03
Received  39.4 50.71 -0.14
Received  39.47 50.67 -0.15
Received  39.51 50.68 -0.13
Received  39.5 50.64 -0.08
Received  39.48 50.67 -0.1
Received  39.52 50.72 -0.15
Received  39.49 50.67 -0.09
Received  39.58 50.68 -0.09
Received  39.57 50.71 -0.06
Received  39.69 50.62 -0.09
Received  39.58 50.66 -0.08
Received  39.5 50.71 -0.07
Received  39.53 50.69 -0.0
Received  39.5 50.72 -0.04
Received  39.53 50.68 -0.07
Received  39.47 50.71 -0.06
Received  39.46 50.75 -0.0
Received  39.47 50.73 -0.02
Received  39.59 50.66 -0.05
Received  39.6 50.68 -0.07
Received  39.68 50.65 -0.07
Received  39.72 50.64 -0.05
Received  39.58 50.68 -0.02
Received  39.65 50.7 -0.0
Received  39.69 50.69 -0.08
Received  39.62 50.64 -0.05
Received  39.66 50.65 0.01
Received  39.52 50.67 0.0
Received  39.48 50.73 -0.05
Received  39.56 50.73 -0.05
Received  39.52 50.72 -0.0
Received  39.56 50.69 0.01
Received  39.54 50.71 -0.01
Received  39.57 50.7 -0.06
Received  39.52 50.56 -0.11
Received  39.54 50.58 -0.09
Received  39.55 50.66 -0.03
Received  39.58 50.67 -0.02
Received  39.61 50.73 -0.05
Received  39.56 50.73 -0.05
Received  39.47 50.76 -0.01
Received  39.52 50.75 -0.02
Received  39.54 50.71 -0.03
Received  39.6 50.72 0.04
Received  39.61 50.71 -0.04
Received  39.56 50.78 -0.07
Received  39.62 50.74 -0.01
Received  39.64 50.69 0.02
Received  39.54 50.74 -0.05
Received  39.56 50.79 -0.08
Received  39.5 50.76 -0.05
Received  39.42 50.69 -0.01
Received  39.57 50.64 -0.09
Received  39.5 50.72 -0.08
Received  39.49 50.76 -0.01
Received  39.5 50.75 -0.12
Received  39.38 50.82 -0.11
Received  39.46 50.83 -0.1
Received  39.52 50.63 -0.07
Received  39.51 50.61 -0.09
Received  39.55 50.49 -0.07
Received  39.54 50.56 -0.1
Received  39.48 50.61 -0.09
Received  39.59 50.64 -0.08
Received  39.63 50.82 -0.09
Received  39.62 50.86 -0.07
Received  39.33 50.82 -0.08
Received  39.37 50.92 -0.03
Received  39.47 50.86 -0.05
Received  39.52 50.73 0.02
Received  39.57 50.71 0.02
Received  39.51 50.71 0.01
Received  39.44 50.77 0.02
Received  39.57 50.73 0.08
Received  39.56 50.65 0.06
Received  39.65 50.71 0.04
Received  39.71 50.66 0.06
Received  39.69 50.65 -0.0
Received  39.68 50.76 0.02
Received  39.67 50.67 -0.02
Received  39.48 50.77 -0.01
Received  39.58 50.84 -0.04
Received  39.53 50.86 -0.08
Received  39.64 50.72 -0.03
Received  39.59 50.73 -0.01
Received  39.4 50.79 -0.1
Received  39.52 50.83 -0.15
Received  39.41 50.88 -0.11
Received  39.4 50.77 -0.07
Received  39.52 50.7 0.01
Received  39.52 50.71 0.04
Received  39.62 50.69 0.02
Received  39.4 50.82 -0.01
Received  39.35 50.83 -0.01
Received  39.03 50.97 0.09
Received  39.04 50.84 0.1
Received  39.21 50.76 0.01
Received  39.32 50.73 -0.03
Received  39.32 50.67 -0.1
Received  39.41 50.73 -0.14
Received  39.65 50.6 -0.16
Received  39.78 50.56 -0.14
Received  39.6 50.6 -0.14
Received  39.61 50.7 -0.03
Received  39.62 50.64 -0.04
Received  39.53 50.85 -0.05
Received  39.48 50.8 -0.06
Received  39.53 50.77 -0.0
Received  39.64 50.78 -0.05
Received  39.62 50.7 -0.01
Received  39.65 50.7 -0.01
Received  39.65 50.72 0.08
Received  39.66 50.63 0.06
Received  39.48 50.56 0.03
Received  39.48 50.64 -0.01
Received  39.6 50.73 -0.06
Received  39.6 50.71 -0.08
Received  39.68 50.68 -0.03
Received  39.73 50.63 -0.04
Received  39.58 50.79 -0.02
Received  39.57 50.73 -0.01
Received  39.64 50.67 -0.04
Received  39.73 50.57 -0.02
Received  39.61 50.64 -0.05
Received  39.58 50.61 -0.03
Received  39.49 50.68 0.01
Received  39.55 50.69 -0.04
Received  39.54 50.64 -0.03
Received  39.52 50.67 -0.03
Received  39.39 50.65 -0.0
Received  39.38 50.54 -0.05
Received  39.49 50.6 -0.02
Received  39.48 50.72 -0.05
Received  39.43 50.74 0.03
Received  39.49 50.75 -0.0
Received  39.53 50.75 0.05
Received  39.57 50.75 0.03
Received  39.67 50.68 -0.01
Received  39.54 50.7 -0.02
Received  39.62 50.59 -0.01
Received  39.45 50.79 -0.06
Received  39.59 50.78 -0.04
Received  39.58 50.81 -0.03
Received  39.6 50.81 -0.05
Received  39.71 50.75 -0.09
Received  39.77 50.79 -0.09
Received  39.62 50.84 -0.13
Received  39.56 50.97 -0.05
Received  39.56 50.82 -0.12
Received  39.58 50.67 -0.16
Received  39.55 50.7 -0.12
Received  39.46 50.73 -0.08
Received  39.48 50.69 -0.06
Received  39.51 50.65 0.01
Received  39.48 50.65 -0.02
Received  39.42 50.73 -0.04
Received  39.41 50.75 -0.01
Received  39.39 50.74 0.02
Received  39.37 50.8 -0.04
Received  39.33 50.91 -0.2
Received  39.42 50.75 -0.04
Received  39.37 50.84 -0.02
Received  39.55 50.78 0.01
Received  39.55 50.76 -0.01
Received  39.48 50.71 -0.0
Received  39.46 50.75 -0.05
Received  39.59 50.69 -0.05
Received  39.56 50.74 -0.04
Received  39.62 50.69 -0.04
Received  39.59 50.63 -0.16
Received  39.62 50.64 -0.16
Received  39.44 50.64 -0.04
Received  39.5 50.66 -0.07
Received  39.45 50.7 -0.07
Received  39.48 50.72 -0.04
Received  39.43 50.75 -0.07
Received  39.51 50.73 -0.03
Received  39.52 50.71 0.01
Received  39.56 50.85 0.04
Received  39.68 50.76 -0.04
Received  39.57 50.78 -0.05
Received  39.56 50.74 -0.04
Received  39.59 50.73 -0.03
Received  39.58 50.71 -0.02
Received  39.56 50.69 0.03
Received  39.57 50.68 -0.01
Received  39.51 50.74 -0.01
Received  39.48 50.68 0.01
Received  39.58 50.67 0.02
Received  39.49 50.71 0.08
Received  39.47 50.75 0.11
Received  39.49 50.75 0.06
Received  39.54 50.72 0.0
Received  39.53 50.69 -0.04
Received  39.64 50.66 -0.1
Received  39.57 50.67 -0.07
Received  39.59 50.75 0.08
Received  39.75 50.71 0.13
Received  39.5 50.74 0.04
Received  39.55 50.76 0.04
Received  39.49 50.82 -0.08
Received  39.62 50.7 0.04
Received  39.76 50.68 0.0
Received  39.73 50.65 0.01
Received  39.64 50.65 -0.04
Received  39.62 50.68 -0.05
Received  39.55 50.67 -0.02
Received  39.57 50.71 -0.08
Received  39.5 50.69 -0.04
Received  39.48 50.71 -0.04
Received  39.5 50.7 -0.0
Received  39.5 50.75 0.04
Received  39.43 50.69 0.07
Received  39.51 50.72 0.08
Received  39.47 50.7 0.03
Received  39.5 50.75 0.02
Received  39.43 50.77 -0.03
Received  39.46 50.72 -0.04
Received  39.42 50.74 -0.07
Received  39.43 50.79 -0.12
Received  39.46 50.76 -0.06
Received  39.56 50.74 -0.05
Received  39.51 50.76 -0.04
Received  39.53 50.75 -0.08
Received  39.47 50.8 -0.08
Received  39.54 50.75 -0.07
Received  39.7 50.74 -0.04
Received  39.66 50.74 -0.04
Received  39.55 50.7 -0.07
Received  39.5 50.72 -0.05
Received  39.5 50.71 -0.12
Received  39.57 50.67 -0.03
Received  39.48 50.69 -0.04
Received  39.57 50.7 -0.01
Received  39.56 50.69 -0.01
Received  39.56 50.72 -0.02
Received  39.59 50.69 -0.03
Received  39.59 50.74 0.01
Received  39.52 50.73 -0.02
Received  39.52 50.74 0.01
Received  39.52 50.73 0.04
Received  39.47 50.75 0.01
Received  39.38 50.81 0.02
Received  39.39 50.81 0.03
Received  39.36 50.84 -0.03
Received  39.39 50.85 -0.01
Received  39.46 50.74 -0.08
Received  39.39 50.74 -0.05
Received  39.4 50.72 -0.03
Received  39.33 50.79 -0.07
Received  39.34 50.76 -0.11
Received  39.11 50.75 -0.25
Received  39.23 50.63 0.47
Received  39.41 50.65 0.33
Received  39.47 50.77 0.39
Received  39.6 50.79 0.24
Received  39.57 50.86 0.06
Received  39.53 50.75 0.06
Received  39.52 50.78 -0.0
Received  39.26 50.7 -0.06
Received  39.36 50.68 -0.03
Received  39.61 50.72 -0.02
Received  39.52 50.73 -0.06
Received  39.38 50.79 -0.18
Received  39.41 50.74 -0.13
Received  39.44 50.6 -0.05
Received  39.53 50.62 -0.08
Received  39.54 50.7 -0.03
Received  39.65 50.66 -0.02
Received  39.61 50.68 -0.0
Received  39.57 50.67 0.0
Received  39.61 50.75 -0.02
Received  39.67 50.76 0.02
Received  39.61 50.84 0.06
Received  39.62 50.84 0.09
Received  39.61 50.76 0.08
Received  39.5 50.79 0.05
Received  39.55 50.74 0.02
Received  39.63 50.7 0.03
Received  39.81 50.65 0.02
Received  39.66 50.74 0.07
Received  39.51 50.82 0.04
Received  39.57 50.8 -0.01
Received  39.47 50.84 0.04
Received  39.41 50.76 0.03
Received  39.51 50.75 -0.01
Received  39.48 50.74 -0.03
Received  39.46 50.79 -0.04
Received  39.48 50.76 -0.03
Received  39.46 50.77 -0.04
Received  39.47 50.74 -0.01
Received  39.47 50.63 -0.01
Received  39.55 50.58 -0.04
Received  39.48 50.65 -0.08
Received  39.44 50.67 -0.06
Received  39.54 50.79 -0.09
Received  39.52 50.77 -0.05
Received  39.52 50.79 -0.05
Received  39.53 50.68 -0.05
Received  39.48 50.7 -0.02
Received  39.46 50.71 -0.01
Received  39.51 50.71 -0.0
Received  39.5 50.71 -0.0
Received  39.5 50.65 -0.02
Received  39.39 50.73 0.01
Received  39.4 50.75 0.01
Received  39.47 50.76 0.01
Received  39.36 50.7 0.01
Received  39.34 50.61 -0.03
Received  39.29 50.68 -0.09
Received  39.38 50.65 -0.06
Received  39.43 50.65 -0.04
Received  39.46 50.7 -0.05
Received  39.43 50.68 -0.05
Received  39.41 50.64 -0.07
Received  39.46 50.76 -0.07
Received  39.34 50.77 -0.1
Received  39.43 50.76 -0.09
Received  39.44 50.76 -0.03
Received  39.45 50.77 0.01
Received  39.34 50.79 0.02
Received  39.41 50.8 0.04
Received  39.47 50.85 0.0
Received  39.45 50.82 0.01
Received  39.53 50.86 -0.03
Received  39.6 50.78 -0.01
Received  39.59 50.76 -0.05
Received  39.58 50.76 -0.06
Received  39.62 50.7 -0.03
Received  39.58 50.68 -0.06
Received  39.54 50.73 -0.08
Received  39.52 50.73 -0.09
Received  39.53 50.74 -0.03
Received  39.6 50.7 -0.0
Received  39.57 50.63 0.0
Received  39.55 50.68 0.01
Received  39.61 50.64 -0.03
Received  39.68 50.65 -0.02
Received  39.6 50.57 -0.07
Received  39.51 50.63 -0.11
Received  39.68 50.62 -0.07
Received  39.74 50.61 -0.06
Received  39.61 50.66 0.02
Received  39.62 50.77 0.1
Received  39.56 50.69 0.12
Received  39.54 50.69 0.07
Received  39.52 50.69 0.01
Received  39.57 50.75 0.01
Received  39.63 50.79 -0.03
Received  39.49 50.76 0.05
Received  39.53 50.74 0.08
Received  39.53 50.73 0.06
Received  39.44 50.73 0.05
Received  39.47 50.71 -0.02
Received  39.45 50.74 -0.07
Received  39.52 50.8 0.0
Received  39.52 50.85 0.04
Received  39.52 50.63 0.01
Received  39.5 50.64 -0.04
Received  39.41 50.67 -0.07
Received  39.52 50.82 -0.04
Received  39.4 50.81 -0.0
Received  39.44 50.75 -0.05
Received  39.41 50.8 -0.01
Received  39.49 50.72 -0.02
Received  39.43 50.75 0.01
Received  39.47 50.72 0.0
Received  39.39 50.67 -0.08
Received  39.43 50.7 -0.07
Received  39.55 50.62 -0.06
Received  39.34 50.67 -0.03
Received  39.35 50.68 0.04
Received  39.41 50.67 0.04
Received  39.47 50.67 0.01
Received  39.53 50.69 -0.02
Received  39.34 50.66 -0.01
Received  39.34 50.78 0.03
Received  39.23 50.85 0.01
Received  39.29 50.88 0.03
Received  39.41 50.75 0.1
Received  39.46 50.73 0.12
Received  39.43 50.75 0.06
Received  39.33 50.58 -0.01
Received  39.46 50.62 -0.08
Received  39.57 50.7 0.04
Received  39.46 50.69 0.03
Received  39.48 50.78 -0.02
Received  39.65 50.75 -0.08
Received  39.67 50.76 -0.03
Received  39.74 50.72 -0.03
Received  39.8 50.8 -0.04
Received  39.77 50.76 -0.1
Received  39.7 50.75 -0.06
Received  39.6 50.78 -0.08
Received  39.59 50.77 -0.06
Received  39.54 50.74 -0.03
Received  39.44 50.75 0.06
Received  39.26 50.8 0.08
Received  39.36 50.78 0.03
Received  39.54 50.7 0.04
Received  39.57 50.81 0.04
Received  39.5 50.64 -0.03
Received  39.27 50.77 -0.12
Received  39.32 50.79 -0.06
Received  39.39 50.82 -0.01
Received  39.44 50.79 0.02
Received  39.55 50.66 0.04
Received  39.64 50.64 -0.04
Received  39.63 50.64 0.01
Received  39.56 50.68 -0.01
Received  39.56 50.66 -0.05
Received  39.51 50.75 -0.07
Received  39.5 50.74 -0.05
Received  39.48 50.78 -0.04
Received  39.39 50.82 -0.06
Received  39.39 50.87 -0.06
Received  39.55 50.8 0.02
Received  39.49 50.78 0.0
Received  39.52 50.76 -0.04
Received  39.55 50.76 -0.04
Received  39.56 50.79 -0.01
Received  39.52 50.82 -0.01
Received  39.45 50.8 0.02
Received  39.45 50.86 0.02
Received  39.49 50.82 -0.0
Received  39.52 50.75 -0.0
Received  39.55 50.73 -0.01
Received  39.49 50.77 0.04
Received  39.67 50.72 0.06
Received  39.62 50.75 0.02
Received  39.51 51.47 -1.55
Received  38.86 50.98 0.16
Received  39.26 50.84 0.17
Received  39.39 50.79 0.12
Received  39.48 50.74 0.13
Received  39.54 50.72 0.13
Received  39.57 50.58 0.18
Received  39.58 50.59 0.2
Received  39.66 50.52 0.13
Received  39.65 50.57 0.09
Received  39.79 50.48 0.08
Received  39.8 50.46 0.09
Received  39.79 50.34 0.18
Received  39.72 50.41 0.18
Received  39.83 50.38 0.26
Received  39.82 50.42 -0.18
Received  39.71 50.54 -0.19
Received  39.59 50.67 -0.19
Received  39.59 50.71 -0.1
Received  41.16 49.25 -0.44
Received  40.61 49.8 -0.33
Received  40.1 50.18 -0.28
Received  39.92 50.4 -0.2
Received  39.69 50.53 -0.14
Received  39.56 50.66 -0.09
Received  39.51 50.75 -0.09
Received  39.5 50.81 -0.06
Received  39.37 50.85 -0.09
Received  39.35 50.85 -0.04
Received  39.35 50.82 -0.01
Received  39.41 50.84 0.0
Received  39.46 50.8 -0.0
Received  39.37 50.78 0.0
Received  39.3 50.86 -0.01
Received  39.31 50.85 -0.09
Received  39.28 50.91 -0.04
Received  39.28 50.91 -0.03
Received  39.39 50.84 -0.09
Received  39.25 50.86 -0.09
Received  39.33 50.89 -0.06
Received  39.37 50.84 -0.09
Received  39.36 50.84 -0.12
Received  39.37 50.86 -0.06
Received  39.36 50.81 -0.09
Received  39.35 50.88 -0.06
Received  39.38 50.87 -0.02
Received  39.23 50.97 -0.01
Received  39.19 51.03 -0.02
Received  39.15 50.98 -0.06
Received  39.26 50.89 -0.14
Received  39.26 50.9 -0.1
Received  39.27 50.9 -0.04
Received  39.22 50.97 -0.06
Received  39.22 50.96 -0.13
Received  39.29 50.95 -0.11
Received  39.24 50.97 -0.08
Received  39.3 50.9 -0.02
Received  39.34 50.92 -0.03
Received  39.29 50.92 -0.05
Received  39.41 50.9 -0.04
Received  39.37 50.87 -0.05
Received  39.36 50.9 -0.07
Received  39.23 50.91 -0.11
Received  39.31 50.87 -0.01
Received  39.35 50.9 -0.05
Received  39.33 50.92 -0.05
Received  39.39 50.92 -0.07
Received  39.42 50.92 -0.05
Received  39.38 50.97 -0.02
Received  39.37 50.96 -0.01
Received  39.29 51.03 -0.05
Received  39.32 50.97 -0.06
Received  39.35 50.91 -0.07
Received  39.33 50.95 -0.02
Received  39.32 50.96 -0.0
Received  39.36 50.96 -0.02
Received  39.48 50.94 0.05
Received  39.44 50.94 0.05
Received  39.39 50.99 -0.02
Received  39.29 50.97 -0.04
Received  39.3 51.03 -0.04
Received  39.24 50.99 -0.03
Received  39.25 50.96 -0.03
Received  39.28 51.02 -0.03
Received  39.26 51.01 -0.02
Received  39.33 50.94 -0.04
Received  39.28 50.94 0.0
Received  39.35 50.9 0.01
Received  39.34 50.94 0.0
Received  39.27 50.97 0.0
Received  39.27 50.92 -0.03
Received  39.36 50.93 -0.07
Received  39.27 50.99 -0.11
Received  39.34 50.96 -0.11
Received  39.28 50.96 -0.13
Received  39.28 50.96 -0.1
Received  39.26 50.95 -0.08
Received  39.28 50.97 -0.03
Received  39.25 50.91 -0.08
Received  39.28 50.89 -0.05
Received  39.29 50.9 -0.08
Received  39.34 50.89 -0.08
Received  39.28 50.89 -0.07
Received  39.39 50.89 0.01
Received  39.3 50.94 -0.05
Received  39.38 50.94 -0.02
Received  39.38 50.96 -0.03
Received  39.32 50.93 -0.04
Received  39.31 50.94 -0.04
Received  39.31 50.97 -0.06
Received  39.23 50.97 -0.04
Received  39.25 50.94 -0.08
Received  39.3 50.9 -0.07
Received  39.21 50.93 -0.08
Received  39.28 50.96 -0.09
Received  39.3 50.89 -0.05
Received  39.18 50.95 -0.05
Received  39.23 50.92 -0.01
Received  39.37 50.9 0.0
Received  39.36 50.9 -0.08
Received  39.35 50.93 -0.1
Received  39.35 50.91 -0.11
Received  39.32 50.93 -0.1
Received  39.3 50.94 -0.03
Received  39.26 50.95 -0.07
Received  39.39 50.9 -0.1
Received  39.38 50.94 -0.09
Received  39.32 50.96 -0.09
Received  39.3 50.92 -0.08
Received  39.33 50.95 -0.07
Received  39.4 50.92 -0.11
Received  39.42 50.91 -0.07
Received  39.31 50.97 -0.04
Received  39.34 50.98 -0.05
Received  39.38 50.92 -0.02
Received  39.32 51.0 -0.04
Received  39.38 50.9 -0.04
Received  39.38 50.92 -0.01
Received  39.38 50.87 -0.01
Received  39.44 50.89 -0.05
Received  39.39 50.91 -0.01
Received  39.32 50.98 -0.04
Received  39.28 50.97 -0.02
Received  39.31 50.98 -0.02
Received  39.19 50.98 -0.07
Received  39.3 50.97 -0.03
Received  39.28 51.0 -0.06
Received  39.29 50.94 0.01
Received  39.2 50.97 -0.03
Received  39.32 50.97 -0.07
Received  39.24 50.96 -0.09
Received  39.36 50.9 -0.02
Received  39.3 50.96 -0.03
Received  39.4 50.94 -0.11
Received  39.46 50.93 -0.09
Received  39.39 50.94 -0.06
Received  39.42 50.94 -0.03
Received  39.41 50.93 -0.01
Received  39.41 50.93 -0.02
Received  39.38 50.92 -0.02
Received  39.46 50.93 -0.02
Received  39.41 50.96 -0.01
Received  39.31 50.98 -0.01
Received  39.39 50.92 -0.03
Received  39.27 50.95 -0.07
Received  39.23 50.99 -0.05
Received  39.26 50.94 -0.05
Received  39.29 50.91 -0.01
Received  39.24 50.93 0.0
Received  39.27 50.88 0.02
Received  39.38 50.85 -0.02
Received  39.41 50.91 -0.03
Received  39.37 50.91 0.01
Received  39.32 50.94 0.05
Received  39.3 50.95 0.08
Received  39.32 50.93 0.05
Received  39.23 50.94 0.08
Received  39.28 50.97 0.02
Received  39.38 50.94 0.0
Received  39.35 50.95 -0.0
Received  39.68 50.74 0.01
Received  39.46 50.85 -0.02
Received  39.39 50.82 -0.03
Received  39.31 50.86 0.03
Received  39.38 50.88 0.03
Received  39.47 50.8 -0.03
Received  39.39 50.86 -0.02
Received  39.35 50.9 -0.09
Received  39.29 50.91 -0.07
Received  39.15 51.12 -0.13
Received  39.73 50.76 0.39
Received  39.79 50.49 -0.31
Received  39.53 50.56 -0.14
Received  39.54 50.66 -0.07
Received  39.5 50.74 -0.06
Received  39.31 50.77 -0.1
Received  39.42 50.78 -0.13
Received  39.31 50.89 -0.14
Received  39.39 50.93 -0.06
Received  39.39 50.94 -0.14
Received  39.38 50.93 -0.09
Received  39.36 50.94 -0.07
Received  39.35 50.94 -0.09
Received  39.33 50.97 -0.05
Received  39.25 51.01 -0.11
Received  39.3 50.96 -0.05
Received  39.35 51.01 -0.04
Received  39.37 50.99 -0.0
Received  39.37 51.0 -0.0
Received  39.34 50.97 0.01
Received  39.31 50.95 -0.03
Received  42.47 51.4 -0.77
Received  39.57 50.97 -0.47
Received  39.6 50.86 -0.42
Received  39.57 50.84 -0.37
Received  39.61 50.75 -0.42
Received  39.61 50.72 -0.39
Received  39.64 50.68 -0.39
Received  39.63 50.64 -0.42
Received  39.71 50.63 -0.44
Received  39.74 50.6 -0.39
Received  39.67 50.64 -0.41
Received  39.66 50.62 -0.4
Received  39.64 50.67 -0.38
Received  39.51 50.78 -0.34
Received  39.52 50.73 -0.34
Received  39.48 50.72 -0.37
Received  39.52 50.7 -0.33
Received  39.56 50.7 -0.33
Received  39.65 50.61 -0.4
Received  39.68 50.6 -0.4
Received  39.6 50.68 -0.36
Received  39.55 50.62 -0.38
Received  39.57 50.66 -0.4
Received  39.62 50.7 -0.37
Received  39.65 50.68 -0.39
Received  39.58 50.7 -0.4
Received  39.6 50.72 -0.39
Received  39.64 50.63 -0.37
Received  39.6 50.66 -0.32
Received  39.62 50.71 -0.4
Received  39.6 50.69 -0.41
Received  39.68 50.65 -0.36
Received  39.76 50.62 -0.37
Received  39.72 50.66 -0.36
Received  39.58 50.58 -0.39
Received  39.57 50.65 -0.38
Received  39.55 50.64 -0.47
Received  39.63 50.61 -0.42
Received  39.61 50.63 -0.38
Received  39.64 50.59 -0.32
Received  39.58 50.64 -0.26
Received  39.6 50.59 -0.28
Received  39.62 50.61 -0.31
Received  39.6 50.62 -0.38
Received  39.52 50.59 -0.36
Received  39.54 50.63 -0.36
Received  39.5 50.66 -0.37
Received  39.56 50.67 -0.39
Received  39.55 50.67 -0.39
Received  39.6 50.68 -0.38
Received  39.66 50.65 -0.37
Received  39.63 50.68 -0.31
Received  39.62 50.51 -0.33
Received  39.58 50.63 -0.38
Received  39.62 50.63 -0.3
Received  39.64 50.57 -0.32
Received  39.69 50.54 -0.35
Received  39.62 50.62 -0.32
Received  39.63 50.61 -0.35
Received  39.67 50.53 -0.45
Received  39.54 50.57 -0.44
Received  39.63 50.57 -0.37
Received  39.65 50.61 -0.37
Received  39.6 50.62 -0.43
Received  39.6 50.56 -0.43
Received  39.53 50.55 -0.41
Received  39.56 50.58 -0.34
Received  39.64 50.57 -0.44
Received  39.7 50.6 -0.49
Received  39.71 50.65 -0.42
Received  39.7 50.63 -0.39
Received  39.71 50.61 -0.41
Received  39.68 50.63 -0.33
Received  39.69 50.59 -0.29
Received  39.6 50.64 -0.26
Received  39.65 50.56 -0.2
Received  39.64 50.6 -0.17
Received  39.73 50.55 -0.21
Received  39.71 50.59 -0.24
Received  39.62 50.6 -0.29
Received  39.65 50.61 -0.24
Received  39.6 50.65 -0.28
Received  39.62 50.64 -0.3
Received  39.7 50.57 -0.27
Received  39.53 50.69 -0.28
Received  39.56 50.68 -0.41
Received  39.54 50.53 -0.64
Received  39.49 50.49 -0.65
Received  39.61 50.5 -0.58
Received  39.55 50.57 -0.55
Received  39.49 50.62 -0.52
Received  39.47 50.71 -0.4
Received  39.61 50.65 -0.31
Received  39.59 50.64 -0.29
Received  39.65 50.63 -0.25
Received  39.69 50.59 -0.34
Received  39.66 50.61 -0.37
Received  39.64 50.62 -0.31
Received  39.67 50.63 -0.36
Received  39.63 50.66 -0.25
Received  39.62 50.67 -0.26
Received  39.66 50.63 -0.3
Received  39.71 50.57 -0.29
Received  39.68 50.61 -0.33
Received  39.56 50.67 -0.3
Received  39.54 50.69 -0.24
Received  39.55 50.72 -0.27
Received  39.62 50.71 -0.31
Received  39.67 50.62 -0.33
Received  39.66 50.62 -0.29
Received  39.66 50.66 -0.31
Received  39.63 50.69 -0.27
Received  39.63 50.68 -0.25
Received  39.62 50.65 -0.27
Received  39.65 50.64 -0.24
Received  39.64 50.66 -0.25
Received  39.68 50.61 -0.26
Received  39.65 50.65 -0.24
Received  39.64 50.67 -0.22
Received  39.56 50.72 -0.24
Received  39.53 50.73 -0.26
Received  39.56 50.73 -0.26
Received  39.55 50.74 -0.28
Received  39.57 50.7 -0.26
Received  39.58 50.68 -0.28
Received  39.6 50.64 -0.25
Received  39.65 50.62 -0.25
Received  39.64 50.62 -0.25
Received  39.6 50.65 -0.23
Received  39.58 50.69 -0.26
Received  39.52 50.75 -0.2
Received  39.57 50.73 -0.25
Received  39.57 50.69 -0.3
Received  39.56 50.71 -0.2
Received  39.59 50.65 -0.3
Received  39.62 50.62 -0.27
Received  39.59 50.6 -0.34
Received  39.61 50.6 -0.37
Received  39.57 50.67 -0.34
Received  39.61 50.67 -0.32
Received  39.6 50.67 -0.3
Received  39.62 50.65 -0.32
Received  39.6 50.66 -0.28
Received  39.6 50.68 -0.32
Received  39.52 50.75 -0.32
Received  39.61 50.67 -0.29
Received  39.67 50.67 -0.24
Received  39.67 50.66 -0.23
Received  39.66 50.63 -0.23
Received  39.65 50.63 -0.27
Received  39.67 50.61 -0.26
Received  39.69 50.58 -0.26
Received  39.68 50.56 -0.3
Received  39.62 50.6 -0.38
Received  39.61 50.64 -0.33
Received  39.58 50.6 -0.29
Received  39.54 50.63 -0.29
Received  39.56 50.63 -0.28
Received  39.55 50.65 -0.32
Received  39.61 50.65 -0.34
Received  39.61 50.66 -0.38
Received  39.58 50.66 -0.39
Received  39.63 50.61 -0.36
Received  39.55 50.64 -0.31
Received  39.54 50.66 -0.3
Received  39.57 50.65 -0.3
Received  39.57 50.69 -0.23
Received  39.59 50.7 -0.23
Received  39.61 50.65 -0.23
Received  39.58 50.69 -0.21
Received  39.59 50.67 -0.22
Received  39.58 50.7 -0.19
Received  39.57 50.64 -0.28
Received  39.63 50.63 -0.26
Received  39.64 50.64 -0.29
Received  39.44 50.78 -0.15
Received  38.75 51.48 -0.17
Received  39.18 51.19 -0.28
Received  39.27 51.05 -0.28
Received  39.41 50.9 -0.35
Received  39.43 50.87 -0.28
Received  39.46 50.81 -0.24
Received  39.49 50.72 -0.26
Received  39.52 50.72 -0.21
Received  39.5 50.74 -0.22
Received  39.53 50.71 -0.2
Received  39.55 50.69 -0.23
Received  39.58 50.65 -0.23
Received  39.65 50.6 -0.22
Received  39.65 50.6 -0.24
Received  39.63 50.61 -0.23
Received  39.7 50.55 -0.29
Received  39.71 50.55 -0.3
Received  39.64 50.58 -0.26
Received  39.67 50.56 -0.28
Received  39.65 50.6 -0.25
Received  39.46 50.49 -0.05
Received  39.58 50.43 -0.09
Received  39.59 50.54 -0.25
Received  39.62 50.53 -0.37
Received  39.62 50.57 -0.41
Received  39.6 50.61 -0.4
Received  39.59 50.65 -0.39
Received  39.56 50.64 -0.37
Received  39.51 50.69 -0.33
Received  39.53 50.67 -0.32
Received  39.6 50.65 -0.28
Received  39.56 50.67 -0.27
Received  39.56 50.65 -0.27
Received  39.56 50.63 -0.24
Received  39.68 50.58 -0.24
Received  39.72 50.55 -0.26
Received  39.73 50.6 -0.22
Received  39.71 50.63 -0.22
Received  39.66 50.64 -0.24
Received  39.59 50.72 -0.24
Received  39.62 50.68 -0.26
Received  39.54 50.7 -0.24
Received  39.6 50.66 -0.19
Received  39.6 50.67 -0.22
Received  39.6 50.66 -0.26
Received  39.69 50.57 -0.3
Received  39.73 50.57 -0.31
Received  39.69 50.59 -0.29
Received  39.64 50.64 -0.27
Received  39.65 50.66 -0.24
Received  39.61 50.67 -0.25
Received  39.65 50.63 -0.26
Received  39.67 50.63 -0.23
Received  39.6 50.69 -0.19
Received  39.62 50.71 -0.22
Received  39.57 50.69 -0.22
Received  39.56 50.7 -0.17
Received  39.54 50.72 -0.22
Received  39.54 50.77 -0.2
Received  39.6 50.68 -0.17
Received  39.73 50.58 -0.14
Received  39.63 50.61 -0.2
Received  39.63 50.63 -0.16
Received  39.65 50.63 -0.19
Received  39.67 50.65 -0.22
Received  39.72 50.58 -0.21
Received  39.71 50.62 -0.17
Received  39.65 50.64 -0.24
Received  39.7 50.62 -0.16
Received  39.59 50.63 -0.17
Received  39.63 50.66 -0.17
Received  39.57 50.68 -0.26
Received  39.51 50.72 -0.25
Received  39.59 50.69 -0.21
Received  39.56 50.73 -0.26
Received  39.58 50.69 -0.25
Received  39.58 50.69 -0.28
Received  39.6 50.69 -0.24
Received  39.64 50.65 -0.22
Received  39.56 50.7 -0.24
Received  39.5 50.72 -0.24
Received  39.51 50.72 -0.19
Received  39.51 50.69 -0.25
Received  39.58 50.66 -0.21
Received  39.57 50.7 -0.27
Received  39.57 50.67 -0.27
Received  39.58 50.7 -0.27
Received  39.59 50.68 -0.26
Received  39.62 50.67 -0.23
Received  39.59 50.71 -0.19
Received  39.57 50.72 -0.26
Received  39.57 50.68 -0.27
Received  39.6 50.66 -0.27
Received  39.62 50.65 -0.21
Received  39.63 50.67 -0.24
Received  39.67 50.65 -0.26
Received  39.58 50.64 -0.16
Received  39.64 50.63 -0.14
Received  39.55 50.66 -0.22
Received  39.55 50.63 -0.26
Received  39.52 50.66 -0.17
Received  39.55 50.67 -0.22
Received  39.66 50.66 -0.18
Received  39.67 50.66 -0.12
Received  39.63 50.7 -0.21
Received  39.64 50.68 -0.23
Received  39.67 50.11 -0.66
Received  39.77 50.11 -0.55
Received  39.71 50.27 -0.47
Received  39.63 50.37 -0.48
Received  39.66 50.52 -0.44
Received  39.62 50.56 -0.45
Received  39.44 50.55 -0.35
Received  39.5 50.59 -0.27
Received  39.64 50.57 -0.23
Received  39.59 50.56 -0.25
Received  39.61 50.62 -0.2
Received  39.56 50.55 -0.19
Received  39.53 50.53 -0.23
Received  39.69 50.56 -0.29
Received  39.64 50.55 -0.25
Received  39.72 50.6 -0.26
Received  39.66 50.58 -0.25
Received  39.64 50.69 -0.22
Received  39.69 50.64 -0.16
Received  39.7 50.63 -0.22
Received  39.62 50.62 -0.21
Received  39.6 50.66 -0.23
Received  39.67 50.63 -0.19
Received  39.66 50.58 -0.21
Received  39.6 50.6 -0.21
Received  39.59 50.66 -0.18
Received  39.55 50.71 -0.19
Received  39.58 50.66 -0.26
Received  39.58 50.65 -0.2
Received  39.54 50.67 -0.21
Received  39.55 50.7 -0.21
Received  39.57 50.71 -0.27
Received  39.53 50.72 -0.23
Received  39.53 50.69 -0.2
Received  39.51 50.67 -0.22
Received  39.51 50.7 -0.24
Received  39.58 50.67 -0.22
Received  39.56 50.72 -0.29
Received  39.58 50.71 -0.23
Received  39.59 50.7 -0.22
Received  39.64 50.64 -0.19
Received  39.71 50.61 -0.21
Received  39.75 50.54 -0.16
Received  39.65 50.61 -0.21
Received  39.66 50.59 -0.21
Received  39.64 50.6 -0.18
Received  39.65 50.6 -0.17
Received  39.67 50.62 -0.22
Received  39.68 50.57 -0.26
Received  39.7 50.6 -0.28
Received  39.64 50.66 -0.27
Received  39.63 50.74 -0.29
Received  39.66 50.61 -0.27
Received  39.61 50.56 -0.27
Received  39.65 50.6 -0.18
Received  39.59 50.6 -0.2
Received  39.65 50.61 -0.18
Received  39.63 50.65 -0.18
Received  39.66 50.63 -0.21
Received  39.64 50.62 -0.23
Received  39.7 50.63 -0.2
Received  39.65 50.71 -0.2
Received  39.73 50.62 -0.13
Received  39.76 50.57 -0.16
Received  39.7 50.57 -0.17
Received  39.57 50.59 -0.21
Received  39.67 50.6 -0.23
Received  39.75 50.68 -0.25
Received  39.68 50.65 -0.18
Received  39.71 50.6 -0.34
Received  39.65 50.62 -0.27
Received  39.66 50.66 -0.17
Received  39.66 50.66 -0.15
Received  39.72 50.56 -0.15
Received  39.72 50.54 -0.17
Received  39.71 50.58 -0.24
Received  39.71 50.57 -0.26
Received  39.69 50.53 -0.25
Received  39.68 50.62 -0.28
Received  39.69 50.68 -0.28
Received  39.68 50.6 -0.29
Received  39.64 50.59 -0.29
Received  39.64 50.6 -0.32
Received  39.63 50.55 -0.34
Received  39.71 50.47 -0.37
Received  39.74 50.59 -0.33
Received  39.72 50.57 -0.27
Received  39.67 50.6 -0.27
Received  39.75 50.5 -0.19
Received  39.7 50.53 -0.26
Received  39.71 50.51 -0.18
Received  39.68 50.54 -0.23
Received  39.58 50.65 -0.17
Received  39.57 50.57 -0.19
Received  39.51 50.58 -0.22
Received  39.52 50.6 -0.26
Received  39.57 50.56 -0.25
Received  39.63 50.62 -0.25
Received  39.66 50.61 -0.2
Received  39.57 50.6 -0.2
Received  39.59 50.63 -0.17
Received  39.58 50.6 -0.19
Received  39.59 50.59 -0.17
Received  39.58 50.67 -0.26
Received  39.47 50.72 -0.35
Received  39.52 50.7 -0.23
Received  39.62 50.68 -0.18
Received  39.63 50.71 -0.21
Received  39.7 50.64 -0.22
Received  39.59 50.7 -0.18
Received  39.63 50.64 -0.16
Received  39.7 50.64 -0.14
Received  39.69 50.62 -0.15
Received  39.71 50.59 -0.15
Received  39.64 50.64 -0.16
Received  39.57 50.67 -0.16
Received  39.68 50.68 -0.24
Received  39.56 50.73 -0.2
Received  39.74 50.55 0.02
Received  39.23 51.07 -0.56
Received  39.37 50.92 -0.4
Received  39.43 50.79 -0.36
Received  39.55 50.71 -0.32
Received  39.55 50.68 -0.27
Received  39.55 50.67 -0.23
Received  39.56 50.68 -0.22
Received  39.59 50.65 -0.2
Received  39.66 50.62 -0.19
Received  39.59 50.71 -0.23
Received  39.5 50.63 -0.2
Received  39.43 50.63 -0.2
Received  39.51 50.67 -0.21
Received  39.57 50.66 -0.2
Received  39.55 50.68 -0.27
Received  39.55 50.72 -0.22
Received  39.59 50.68 -0.2
Received  39.62 50.62 -0.14
Received  39.6 50.66 -0.13
Received  39.6 50.65 -0.14
Received  39.64 50.61 -0.1
Received  39.74 50.55 -0.16
Received  39.74 50.56 -0.2
Received  39.65 50.62 -0.22
Received  39.65 50.61 -0.2
Received  39.69 50.6 -0.22
Received  39.66 50.64 -0.12
Received  39.68 50.65 -0.17
Received  39.67 50.66 -0.16
Received  39.66 50.64 -0.18
Received  39.68 50.58 -0.2
Received  39.59 50.65 -0.18
Received  39.6 50.64 -0.16
Received  39.58 50.65 -0.11
Received  39.5 50.72 -0.16
Received  39.52 50.72 -0.08
Received  39.51 50.74 -0.1
Received  39.56 50.67 -0.18
Received  39.59 50.66 -0.15
Received  39.64 50.62 -0.16
Received  39.69 50.58 -0.11
Received  39.61 50.62 -0.1
Received  39.62 50.62 -0.15
Received  39.6 50.66 -0.17
Received  39.61 50.64 -0.18
Received  39.62 50.69 -0.18
Received  39.64 50.67 -0.23
Received  39.65 50.66 -0.22
Received  39.65 50.66 -0.18
Received  39.62 50.67 -0.16
Received  39.65 50.61 -0.14
Received  39.71 50.9 -0.25
Received  40.07 50.15 -0.05
Received  39.9 50.29 -0.08
Received  39.79 50.53 -0.1
Received  39.72 50.54 -0.2
Received  39.68 50.55 -0.12
Received  39.65 50.54 -0.15
Received  39.68 50.53 -0.15
Received  39.74 50.57 -0.18
Received  39.62 50.64 -0.15
Received  39.65 50.62 -0.18
Received  39.67 50.62 -0.22
Received  39.58 50.68 -0.22
Received  39.48 50.67 -0.23
Received  39.56 50.68 -0.23
Received  39.54 50.67 -0.27
Received  39.64 50.72 -0.23
Received  39.58 50.7 -0.22
Received  39.58 50.7 -0.26
Received  39.51 50.73 -0.26
Received  39.44 50.74 -0.25
Received  39.59 50.64 -0.18
Received  39.6 50.72 -0.19
Received  39.75 50.71 -0.21
Received  39.62 50.77 -0.16
Received  39.56 50.78 -0.19
Received  39.55 50.73 -0.21
Received  39.6 50.67 -0.24
Received  39.6 50.66 -0.25
Received  39.65 50.62 -0.17
Received  39.61 50.59 -0.17
Received  39.55 50.56 -0.17
Received  39.54 50.53 -0.17
Received  39.49 50.59 -0.13
Received  39.48 50.57 -0.19
Received  39.51 50.6 -0.22
Received  39.52 50.59 -0.22
Received  39.62 50.54 -0.24
Received  39.7 50.56 -0.25
Received  39.51 50.6 -0.24
Received  39.5 50.63 -0.27
Received  39.64 50.62 -0.29
Received  39.64 50.62 -0.31
Received  39.62 50.68 -0.27
Received  39.59 50.67 -0.23
Received  39.62 50.63 -0.21
Received  39.61 50.67 -0.16
Received  39.62 50.71 -0.14
Received  39.63 50.7 -0.14
Received  39.63 50.64 -0.18
Received  39.66 50.61 -0.17
Received  39.63 50.69 -0.2
Received  39.66 50.66 -0.2
Received  39.66 50.64 -0.21
Received  39.61 50.67 -0.19
Received  39.61 50.62 -0.2
Received  39.56 50.65 -0.2
Received  39.59 50.61 -0.23
Received  39.6 50.65 -0.19
Received  39.6 50.59 -0.23
Received  39.61 50.6 -0.2
Received  39.59 50.68 -0.23
Received  39.54 50.66 -0.29
Received  39.57 50.7 -0.26
Received  39.52 50.64 -0.17
Received  39.56 50.69 -0.19
Received  39.58 50.62 -0.2
Received  39.64 50.6 -0.21
Received  39.57 50.65 -0.19
Received  39.64 50.58 -0.23
Received  39.57 50.56 -0.32
Received  39.58 50.62 -0.22
Received  39.54 50.67 -0.24
Received  39.54 50.7 -0.17
Received  39.62 50.67 -0.14
Received  39.57 50.7 -0.17
Received  39.66 50.58 -0.23
Received  39.66 50.6 -0.22
Received  39.56 50.59 -0.2
Received  39.6 50.58 -0.19
Received  39.57 50.62 -0.22
Received  39.62 50.59 -0.15
Received  39.62 50.63 -0.17
Received  39.73 50.54 -0.17
Received  39.67 50.57 -0.14
Received  39.65 50.6 -0.14
Received  39.68 50.63 -0.12
Received  39.7 50.62 -0.13
Received  39.68 50.62 -0.18
Received  39.66 50.63 -0.27
Received  39.63 50.64 -0.29
Received  39.63 50.64 -0.26
Received  39.59 50.69 -0.21
Received  39.57 50.72 -0.19
Received  39.63 50.67 -0.21
Received  39.57 50.74 -0.13
Received  39.54 50.68 -0.17
Received  39.61 50.62 -0.19
Received  39.57 50.63 -0.19
Received  39.6 50.63 -0.23
Received  39.59 50.62 -0.2
Received  39.63 50.65 -0.14
Received  39.66 50.6 -0.09
Received  39.65 50.56 -0.15
Received  39.64 50.57 -0.16
Received  39.7 50.6 -0.18
Received  39.69 50.58 -0.19
Received  39.71 50.6 -0.25
Received  39.65 50.62 -0.26
Received  39.56 50.66 -0.23
Received  39.58 50.69 -0.2
Received  39.6 50.63 -0.15
Received  39.63 50.61 -0.19
Received  39.53 50.66 -0.21
Received  39.59 50.6 -0.2
Received  39.62 50.63 -0.26
Received  39.6 50.65 -0.25
Received  39.65 50.63 -0.21
Received  39.65 50.67 -0.19
Received  39.65 50.72 -0.19
Received  39.7 50.7 -0.18
Received  39.65 50.7 -0.21
Received  39.64 50.67 -0.17
Received  39.62 50.68 -0.16
Received  39.61 50.65 -0.1
Received  39.55 50.7 -0.14
Received  39.57 50.7 -0.12
Received  39.6 50.65 -0.13
Received  39.58 50.69 -0.17
Received  39.55 50.7 -0.12
Received  39.6 50.68 -0.09
Received  39.65 50.67 -0.14
Received  39.63 50.67 -0.08
Received  39.59 50.68 -0.12
Received  39.65 50.64 -0.14
Received  39.64 50.66 -0.13
Received  39.65 50.67 -0.11
Received  39.66 50.64 -0.14
Received  39.79 50.57 0.11
Received  39.66 50.59 0.05
Received  39.68 50.65 0.05
Received  39.6 50.67 -0.03
Received  39.65 50.64 -0.11
Received  39.61 50.63 -0.13
Received  39.65 50.61 -0.09
Received  39.59 50.62 -0.13
Received  39.62 50.61 -0.12
Received  39.59 50.63 -0.14
Received  39.58 50.62 -0.18
Received  39.66 50.6 -0.17
Received  39.64 50.57 -0.24
Received  39.68 50.64 -0.21
Received  39.7 50.57 -0.26
Received  39.7 50.58 -0.22
Received  39.65 50.6 -0.16
Received  39.62 50.59 -0.13
Received  39.63 50.62 -0.13
Received  39.55 50.64 -0.13
Received  39.57 50.61 -0.11
Received  39.66 50.62 -0.19
Received  39.7 50.6 -0.18
Received  39.71 50.57 -0.18
Received  39.73 50.64 -0.21
Received  39.69 50.67 -0.16
Received  39.71 50.66 -0.11
Received  39.74 50.65 -0.18
Received  39.69 50.66 -0.15
Received  39.71 50.6 -0.18
Received  39.71 50.57 -0.19
Received  39.63 50.53 -0.19
Received  39.59 50.53 -0.13
Received  39.48 50.57 -0.13
Received  39.78 50.22 -0.08
Received  39.74 50.28 -0.07
Received  39.79 50.36 -0.06
Received  39.68 50.46 -0.1
Received  39.65 50.55 -0.15
Received  39.68 50.57 -0.13
Received  39.68 50.6 -0.13
Received  39.73 50.56 -0.11
Received  39.68 50.57 -0.13
Received  39.75 50.5 -0.11
Received  39.7 50.55 -0.15
Received  39.61 50.64 -0.13
Received  39.69 50.58 -0.13
Received  39.69 50.56 -0.15
Received  39.67 50.58 -0.15
Received  39.63 50.62 -0.17
Received  39.61 50.63 -0.19
Received  39.55 50.69 -0.18
Received  39.56 50.68 -0.19
Received  39.59 50.65 -0.26
Received  39.62 50.65 -0.24
Received  39.61 50.65 -0.19
Received  39.62 50.63 -0.27
Received  39.66 50.6 -0.24
Received  39.64 50.6 -0.18
Received  39.62 50.61 -0.18
Received  39.58 50.61 -0.16
Received  39.64 50.57 -0.22
Received  39.58 50.62 -0.17
Received  39.54 50.63 -0.16
Received  39.53 50.65 -0.14
Received  39.63 50.6 -0.19
Received  39.62 50.65 -0.21
Received  39.69 50.58 -0.24
Received  39.72 50.56 -0.24
Received  39.71 50.57 -0.2
Received  39.66 50.63 -0.23
Received  39.7 50.61 -0.24
Received  39.7 50.58 -0.27
Received  39.7 50.57 -0.29
Received  39.72 50.52 -0.27
Received  39.64 50.58 -0.28
Received  39.61 50.64 -0.2
Received  39.63 50.62 -0.2
Received  39.57 50.64 -0.21
Received  39.61 50.6 -0.18
Received  39.57 50.67 -0.18
Received  39.55 50.67 -0.19
Received  39.55 50.65 -0.2
Received  39.59 50.6 -0.24
Received  39.63 50.56 -0.22
Received  39.66 50.57 -0.24
Received  39.66 50.59 -0.32
Received  39.66 50.63 -0.26
Received  39.58 50.65 -0.21
Received  39.65 50.64 -0.24
Received  39.66 50.61 -0.23
Received  39.59 50.63 -0.23
Received  39.59 50.63 -0.21
Received  39.57 50.59 -0.21
Received  39.56 50.61 -0.14
Received  39.6 50.6 -0.12
Received  39.62 50.61 -0.17
Received  39.64 50.6 -0.2
Received  39.65 50.59 -0.2
Received  39.61 50.62 -0.12
Received  39.62 50.61 -0.13
Received  39.63 50.61 -0.16
Received  39.57 50.68 -0.15
Received  39.61 50.67 -0.19
Received  39.63 50.65 -0.17
Received  39.67 50.62 -0.19
Received  39.62 50.64 -0.18
Received  39.65 50.63 -0.18
Received  39.67 50.59 -0.21
Received  39.67 50.59 -0.19
Received  39.67 50.58 -0.17
Received  39.67 50.59 -0.17
Received  39.65 50.6 -0.17
Received  39.61 50.63 -0.14
Received  39.57 50.61 -0.13
Received  39.58 50.62 -0.16
Received  39.57 50.64 -0.13
Received  39.61 50.61 -0.1
Received  39.6 50.62 -0.16
Received  39.59 50.64 -0.11
Received  39.58 50.65 -0.08
Received  39.59 50.66 -0.09
Received  39.62 50.66 -0.13
Received  39.49 50.71 -0.15
Received  39.52 50.7 -0.16
Received  39.65 50.61 -0.16
Received  39.66 50.61 -0.13
Received  39.64 50.62 -0.14
Received  39.68 50.6 -0.11
Received  39.69 50.55 -0.13
Received  39.68 50.54 -0.15
Received  39.63 50.6 -0.14
Received  39.68 50.59 -0.12
Received  39.64 50.57 -0.16
Received  39.69 50.57 -0.19
Received  39.64 50.6 -0.16
Received  39.65 50.61 -0.21
Received  39.64 50.64 -0.2
Received  39.63 50.63 -0.25
Received  39.61 50.64 -0.21
Received  39.65 50.58 -0.21
Received  39.62 50.62 -0.22
Received  39.59 50.62 -0.18
Received  39.61 50.63 -0.21
Received  39.62 50.62 -0.23
Received  39.66 50.57 -0.23
Received  39.65 50.53 -0.17
Received  39.61 50.57 -0.18
Received  39.63 50.65 -0.22
Received  39.66 50.65 -0.17
Received  39.6 50.63 -0.19
Received  39.63 50.61 -0.15
Received  39.63 50.59 -0.14
Received  39.59 50.64 -0.1
Received  39.59 50.68 -0.16
Received  39.58 50.66 -0.16
Received  39.6 50.69 -0.13
Received  39.58 50.69 -0.15
Received  39.61 50.68 -0.12
Received  39.53 50.71 -0.15
Received  39.58 50.63 -0.12
Received  39.55 50.62 -0.17
Received  39.58 50.61 -0.15
Received  39.54 50.6 -0.09
Received  39.61 50.59 -0.13
Received  39.64 50.62 -0.16
Received  39.63 50.62 -0.16
Received  39.63 50.62 -0.21
Received  39.68 50.59 -0.13
Received  39.64 50.6 -0.19
Received  39.67 50.6 -0.19
Received  39.64 50.61 -0.21
Received  39.63 50.59 -0.22
Received  39.67 50.58 -0.16
Received  39.69 50.56 -0.18
Received  39.64 50.59 -0.18
Received  39.54 50.61 -0.2
Received  39.58 50.56 -0.15
Received  39.52 50.61 -0.18
Received  39.56 50.6 -0.15
Received  39.51 50.65 -0.21
Received  39.5 50.65 -0.16
Received  39.5 50.69 -0.21
Received  39.52 50.69 -0.18
Received  39.57 50.68 -0.15
Received  39.56 50.66 -0.19
Received  39.62 50.61 -0.13
Received  39.58 50.64 -0.14
Received  39.59 50.64 -0.22
Received  39.57 50.63 -0.17
Received  39.62 50.61 -0.09
Received  39.64 50.63 -0.14
Received  39.54 50.66 -0.1
Received  39.49 50.69 -0.09
Received  39.49 50.69 -0.1
Received  39.5 50.69 -0.11
Received  39.53 50.59 -0.19
Received  39.57 50.58 -0.15
Received  39.65 50.57 -0.19
Received  39.69 50.51 -0.22
Received  39.65 50.59 -0.23
Received  39.68 50.55 -0.23
Received  39.69 50.6 -0.23
Received  39.64 50.62 -0.24
Received  39.6 50.63 -0.14
Received  39.6 50.62 -0.14
Received  39.64 50.58 -0.17
Received  39.59 50.62 -0.14
Received  39.62 50.6 -0.2
Received  39.58 50.62 -0.18
Received  39.59 50.63 -0.17
Received  39.63 50.59 -0.18
Received  39.6 50.65 -0.15
Received  39.52 50.67 -0.17
Received  39.57 50.67 -0.23
Received  39.54 50.65 -0.24
Received  39.62 50.63 -0.22
Received  39.6 50.61 -0.24
Received  39.64 50.58 -0.16
Received  39.64 50.61 -0.14
Received  39.66 50.6 -0.16
Received  39.6 50.64 -0.18
Received  39.72 50.61 -0.16
Received  39.69 50.58 -0.12
Received  39.61 50.61 -0.08
Received  39.58 50.61 -0.09
Received  39.53 50.64 -0.16
Received  39.58 50.63 -0.14
Received  39.58 50.64 -0.17
Received  39.53 50.66 -0.19
Received  39.59 50.61 -0.15
Received  39.58 50.63 -0.15
Received  39.59 50.65 -0.15
Received  39.56 50.65 -0.19
Received  39.71 50.59 -0.16
Received  39.73 50.61 -0.2
Received  39.67 50.61 -0.16
Received  39.64 50.65 -0.13
Received  39.67 50.63 -0.13
Received  39.56 50.62 -0.17
Received  39.56 50.66 -0.17
Received  39.52 50.67 -0.19
Received  39.55 50.62 -0.2
Received  39.6 50.65 -0.23
Received  39.67 50.6 -0.21
Received  39.7 50.57 -0.2
Received  39.68 50.6 -0.19
Received  39.69 50.63 -0.24
Received  39.73 50.6 -0.19
Received  39.64 50.66 -0.17
Received  39.66 50.64 -0.13
Received  39.57 50.69 -0.17
Received  37.86 50.88 -0.18
Received  38.52 50.84 -0.15
Received  38.6 50.98 -0.89
Received  38.85 50.89 -0.49
Received  39.21 50.75 -0.39
Received  39.34 50.74 -0.28
Received  39.39 50.67 -0.22
Received  39.43 50.65 -0.17
Received  39.44 50.66 -0.13
Received  39.56 50.62 -0.16
Received  39.65 50.57 -0.14
Received  39.68 50.56 -0.1
Received  39.73 50.54 -0.14
Received  39.72 50.53 -0.11
Received  39.7 50.56 -0.11
Received  39.64 50.57 -0.13
Received  39.6 50.62 -0.11
Received  39.67 50.58 -0.07
Received  39.73 50.54 -0.12
Received  39.75 50.55 -0.08
Received  39.76 50.52 -0.09
Received  39.68 50.54 -0.08
Received  39.66 50.57 -0.1
Received  39.68 50.58 -0.16
Received  39.7 50.57 -0.08
Received  39.73 50.55 -0.11
Received  39.69 50.56 -0.16
Received  39.69 50.58 -0.1
Received  39.74 50.57 -0.15
Received  39.76 50.55 -0.11
Received  39.73 50.59 -0.13
Received  39.74 50.56 -0.16
Received  39.71 50.55 -0.13
Received  39.62 50.57 -0.13
Received  39.67 50.53 -0.12
Received  39.7 50.53 -0.13
Received  39.75 50.48 -0.16
Received  39.75 50.53 -0.13
Received  39.68 50.52 -0.1
Received  39.73 50.53 -0.11
Received  39.71 50.47 -0.14
Received  39.7 50.51 -0.11
Received  39.72 50.47 -0.14
Received  39.7 50.53 -0.09
Received  39.71 50.52 -0.13
Received  39.71 50.52 -0.16
Received  39.74 50.52 -0.1
Received  39.8 50.52 -0.22
Received  39.75 50.54 -0.2
Received  39.76 50.48 -0.14
Received  39.7 50.52 -0.12
Received  39.69 50.54 -0.14
Received  39.69 50.56 -0.14
Received  39.65 50.54 -0.11
Received  39.7 50.52 -0.07
Received  39.69 50.51 -0.06
Received  39.7 50.48 -0.04
Received  39.68 50.53 -0.05
Received  39.65 50.55 -0.02
Received  39.64 50.57 -0.01
Received  39.65 50.57 -0.03
Received  39.63 50.6 -0.06
Received  39.65 50.62 -0.05
Received  39.71 50.56 -0.04
Received  39.66 50.61 -0.05
Received  39.69 50.59 -0.05
Received  39.73 50.5 -0.08
Received  39.76 50.47 -0.11
Received  39.75 50.48 -0.09
Received  39.71 50.53 -0.06
Received  39.71 50.52 -0.04
Received  39.74 50.51 -0.1
Received  39.75 50.53 -0.07
Received  39.72 50.53 -0.06
Received  39.65 50.6 -0.07
Received  39.71 50.53 -0.08
Received  39.72 50.55 -0.1
Received  39.69 50.54 -0.11
Received  39.7 50.54 -0.13
Received  39.71 50.55 -0.07
Received  39.72 50.53 -0.07
Received  39.78 50.47 -0.08
Received  39.81 50.47 -0.11
Received  39.8 50.45 -0.11
Received  39.71 50.53 -0.11
Received  39.69 50.55 -0.08
Received  39.63 50.58 -0.09
Received  39.67 50.55 -0.09
Received  39.65 50.56 -0.07
Received  39.64 50.6 -0.11
Received  39.62 50.57 -0.04
Received  39.65 50.54 -0.11
Received  39.65 50.56 -0.11
Received  39.64 50.56 -0.13
Received  39.64 50.59 -0.18
Received  39.65 50.55 -0.15
Received  39.63 50.58 -0.1
Received  39.63 50.6 -0.06
Received  39.67 50.56 -0.12
Received  39.64 50.55 -0.1
Received  39.61 50.58 -0.1
Received  39.67 50.56 -0.09
Received  39.64 50.61 -0.11
Received  39.61 50.62 -0.06
Received  39.54 50.66 -0.08
Received  39.59 50.64 -0.02
Received  39.57 50.66 -0.03
Received  39.6 50.64 0.01
Received  39.63 50.62 -0.0
Received  39.61 50.61 -0.02
Received  39.61 50.62 -0.06
Received  39.66 50.55 -0.05
Received  39.71 50.5 -0.09
Received  39.66 50.51 -0.07
Received  39.72 50.48 -0.06
Received  39.74 50.49 -0.04
Received  39.8 50.53 -0.05
Received  39.84 50.45 -0.13
Received  39.82 50.41 -0.13
Received  39.65 50.6 -0.06
Received  39.65 50.51 -0.14
Received  39.58 50.51 -0.11
Received  39.53 50.61 -0.05
Received  39.56 50.56 -0.04
Received  39.61 50.58 -0.08
Received  39.61 50.57 -0.12
Received  39.63 50.62 -0.16
Received  39.59 50.63 -0.13
Received  39.69 50.59 -0.11
Received  39.72 50.58 -0.14
Received  39.72 50.58 -0.13
Received  39.76 50.53 -0.13
Received  39.73 50.55 -0.11
Received  39.7 50.55 -0.16
Received  39.67 50.58 -0.15
Received  39.66 50.61 -0.15
Received  39.63 50.64 -0.07
Received  39.6 50.66 -0.14
Received Failed Stream Connection: ::ffff:190.190.140.140:51712 - wrong secret.
Stream Connected: ::ffff:190.190.140.140:51712
close
Failed Stream Connection: ::ffff:176.194.36.104:59538 - wrong secret.
Stream Connected: ::ffff:176.194.36.104:59538
close
Failed Stream Connection: ::ffff:92.255.166.53:50029 - wrong secret.
Stream Connected: ::ffff:92.255.166.53:50029
close
Failed Stream Connection: ::ffff:192.99.225.171:51202 - wrong secret.
Stream Connected: ::ffff:192.99.225.171:51202
close
New WebSocket Connection:  ::ffff:46.242.8.221 Mozilla/5.0 (Windows NT 6.3; Win64; x64) AppleWebKit/537.36 (KHTML, like Gecko) Chrome/77.0.3865.90 Safari/537.36 (1 total)
Disconnected WebSocket (0 total)
New WebSocket Connection:  ::ffff:46.242.8.221 Mozilla/5.0 (Windows NT 6.3; Win64; x64) AppleWebKit/537.36 (KHTML, like Gecko) Chrome/77.0.3865.90 Safari/537.36 (1 total)
Disconnected WebSocket (0 total)
New WebSocket Connection:  ::ffff:46.242.8.221 Mozilla/5.0 (Windows NT 6.3; Win64; x64) AppleWebKit/537.36 (KHTML, like Gecko) Chrome/77.0.3865.90 Safari/537.36 (1 total)
Traceback (most recent call last):
  File "/nexus/code/socket_read_batteries.py", line 21, in <module>
    s.bind((HOST, PORT))                                            
OSError: [Errno 98] Address already in use
Listening for incomming MPEG-TS Stream on http://127.0.0.1:8081/<secret>
Awaiting WebSocket connections on ws://127.0.0.1:8082/
Traceback (most recent call last):
  File "/nexus/code/socket_read_batteries.py", line 21, in <module>
    s.bind((HOST, PORT))                                            
OSError: [Errno 98] Address already in use
Listening for incomming MPEG-TS Stream on http://127.0.0.1:8081/<secret>
Awaiting WebSocket connections on ws://127.0.0.1:8082/
Stream Connected: ::ffff:46.242.8.221:7498
close
